Analysis & Synthesis report for mottaker_sf
Wed Nov 13 12:10:52 2019
Quartus Prime Version 18.1.0 Build 625 09/12/2018 SJ Lite Edition


---------------------
; Table of Contents ;
---------------------
  1. Legal Notice
  2. Analysis & Synthesis Summary
  3. Analysis & Synthesis Settings
  4. Parallel Compilation
  5. Analysis & Synthesis Source Files Read
  6. Analysis & Synthesis Resource Usage Summary
  7. Analysis & Synthesis Resource Utilization by Entity
  8. State Machine - |mottaker_sf|state
  9. Registers Removed During Synthesis
 10. Removed Registers Triggering Further Register Optimizations
 11. General Register Statistics
 12. Multiplexer Restructuring Statistics (Restructuring Performed)
 13. Post-Synthesis Netlist Statistics for Top Partition
 14. Elapsed Time Per Partition
 15. Analysis & Synthesis Messages



----------------
; Legal Notice ;
----------------
Copyright (C) 2018  Intel Corporation. All rights reserved.
Your use of Intel Corporation's design tools, logic functions 
and other software and tools, and its AMPP partner logic 
functions, and any output files from any of the foregoing 
(including device programming or simulation files), and any 
associated documentation or information are expressly subject 
to the terms and conditions of the Intel Program License 
Subscription Agreement, the Intel Quartus Prime License Agreement,
the Intel FPGA IP License Agreement, or other applicable license
agreement, including, without limitation, that your use is for
the sole purpose of programming logic devices manufactured by
Intel and sold by Intel or its authorized distributors.  Please
refer to the applicable agreement for further details.



+----------------------------------------------------------------------------------+
; Analysis & Synthesis Summary                                                     ;
+------------------------------------+---------------------------------------------+
; Analysis & Synthesis Status        ; Successful - Wed Nov 13 12:10:52 2019       ;
; Quartus Prime Version              ; 18.1.0 Build 625 09/12/2018 SJ Lite Edition ;
; Revision Name                      ; mottaker_sf                                 ;
; Top-level Entity Name              ; mottaker_sf                                 ;
; Family                             ; Cyclone IV E                                ;
; Total logic elements               ; 3                                           ;
;     Total combinational functions  ; 0                                           ;
;     Dedicated logic registers      ; 3                                           ;
; Total registers                    ; 3                                           ;
; Total pins                         ; 59                                          ;
; Total virtual pins                 ; 0                                           ;
; Total memory bits                  ; 0                                           ;
; Embedded Multiplier 9-bit elements ; 0                                           ;
; Total PLLs                         ; 0                                           ;
+------------------------------------+---------------------------------------------+


+------------------------------------------------------------------------------------------------------------+
; Analysis & Synthesis Settings                                                                              ;
+------------------------------------------------------------------+--------------------+--------------------+
; Option                                                           ; Setting            ; Default Value      ;
+------------------------------------------------------------------+--------------------+--------------------+
; Device                                                           ; EP4CE115F29C7      ;                    ;
; Top-level entity name                                            ; mottaker_sf        ; mottaker_sf        ;
; Family name                                                      ; Cyclone IV E       ; Cyclone V          ;
; Use smart compilation                                            ; Off                ; Off                ;
; Enable parallel Assembler and Timing Analyzer during compilation ; On                 ; On                 ;
; Enable compact report table                                      ; Off                ; Off                ;
; Restructure Multiplexers                                         ; Auto               ; Auto               ;
; Create Debugging Nodes for IP Cores                              ; Off                ; Off                ;
; Preserve fewer node names                                        ; On                 ; On                 ;
; Intel FPGA IP Evaluation Mode                                    ; Enable             ; Enable             ;
; Verilog Version                                                  ; Verilog_2001       ; Verilog_2001       ;
; VHDL Version                                                     ; VHDL_1993          ; VHDL_1993          ;
; State Machine Processing                                         ; Auto               ; Auto               ;
; Safe State Machine                                               ; Off                ; Off                ;
; Extract Verilog State Machines                                   ; On                 ; On                 ;
; Extract VHDL State Machines                                      ; On                 ; On                 ;
; Ignore Verilog initial constructs                                ; Off                ; Off                ;
; Iteration limit for constant Verilog loops                       ; 5000               ; 5000               ;
; Iteration limit for non-constant Verilog loops                   ; 250                ; 250                ;
; Add Pass-Through Logic to Inferred RAMs                          ; On                 ; On                 ;
; Infer RAMs from Raw Logic                                        ; On                 ; On                 ;
; Parallel Synthesis                                               ; On                 ; On                 ;
; DSP Block Balancing                                              ; Auto               ; Auto               ;
; NOT Gate Push-Back                                               ; On                 ; On                 ;
; Power-Up Don't Care                                              ; On                 ; On                 ;
; Remove Redundant Logic Cells                                     ; Off                ; Off                ;
; Remove Duplicate Registers                                       ; On                 ; On                 ;
; Ignore CARRY Buffers                                             ; Off                ; Off                ;
; Ignore CASCADE Buffers                                           ; Off                ; Off                ;
; Ignore GLOBAL Buffers                                            ; Off                ; Off                ;
; Ignore ROW GLOBAL Buffers                                        ; Off                ; Off                ;
; Ignore LCELL Buffers                                             ; Off                ; Off                ;
; Ignore SOFT Buffers                                              ; On                 ; On                 ;
; Limit AHDL Integers to 32 Bits                                   ; Off                ; Off                ;
; Optimization Technique                                           ; Balanced           ; Balanced           ;
; Carry Chain Length                                               ; 70                 ; 70                 ;
; Auto Carry Chains                                                ; On                 ; On                 ;
; Auto Open-Drain Pins                                             ; On                 ; On                 ;
; Perform WYSIWYG Primitive Resynthesis                            ; Off                ; Off                ;
; Auto ROM Replacement                                             ; On                 ; On                 ;
; Auto RAM Replacement                                             ; On                 ; On                 ;
; Auto DSP Block Replacement                                       ; On                 ; On                 ;
; Auto Shift Register Replacement                                  ; Auto               ; Auto               ;
; Allow Shift Register Merging across Hierarchies                  ; Auto               ; Auto               ;
; Auto Clock Enable Replacement                                    ; On                 ; On                 ;
; Strict RAM Replacement                                           ; Off                ; Off                ;
; Allow Synchronous Control Signals                                ; On                 ; On                 ;
; Force Use of Synchronous Clear Signals                           ; Off                ; Off                ;
; Auto RAM Block Balancing                                         ; On                 ; On                 ;
; Auto RAM to Logic Cell Conversion                                ; Off                ; Off                ;
; Auto Resource Sharing                                            ; Off                ; Off                ;
; Allow Any RAM Size For Recognition                               ; Off                ; Off                ;
; Allow Any ROM Size For Recognition                               ; Off                ; Off                ;
; Allow Any Shift Register Size For Recognition                    ; Off                ; Off                ;
; Use LogicLock Constraints during Resource Balancing              ; On                 ; On                 ;
; Ignore translate_off and synthesis_off directives                ; Off                ; Off                ;
; Timing-Driven Synthesis                                          ; On                 ; On                 ;
; Report Parameter Settings                                        ; On                 ; On                 ;
; Report Source Assignments                                        ; On                 ; On                 ;
; Report Connectivity Checks                                       ; On                 ; On                 ;
; Ignore Maximum Fan-Out Assignments                               ; Off                ; Off                ;
; Synchronization Register Chain Length                            ; 2                  ; 2                  ;
; Power Optimization During Synthesis                              ; Normal compilation ; Normal compilation ;
; HDL message level                                                ; Level2             ; Level2             ;
; Suppress Register Optimization Related Messages                  ; Off                ; Off                ;
; Number of Removed Registers Reported in Synthesis Report         ; 5000               ; 5000               ;
; Number of Swept Nodes Reported in Synthesis Report               ; 5000               ; 5000               ;
; Number of Inverted Registers Reported in Synthesis Report        ; 100                ; 100                ;
; Clock MUX Protection                                             ; On                 ; On                 ;
; Auto Gated Clock Conversion                                      ; Off                ; Off                ;
; Block Design Naming                                              ; Auto               ; Auto               ;
; SDC constraint protection                                        ; Off                ; Off                ;
; Synthesis Effort                                                 ; Auto               ; Auto               ;
; Shift Register Replacement - Allow Asynchronous Clear Signal     ; On                 ; On                 ;
; Pre-Mapping Resynthesis Optimization                             ; Off                ; Off                ;
; Analysis & Synthesis Message Level                               ; Medium             ; Medium             ;
; Disable Register Merging Across Hierarchies                      ; Auto               ; Auto               ;
; Resource Aware Inference For Block RAM                           ; On                 ; On                 ;
+------------------------------------------------------------------+--------------------+--------------------+


+------------------------------------------+
; Parallel Compilation                     ;
+----------------------------+-------------+
; Processors                 ; Number      ;
+----------------------------+-------------+
; Number detected on machine ; 8           ;
; Maximum allowed            ; 4           ;
;                            ;             ;
; Average used               ; 1.00        ;
; Maximum used               ; 4           ;
;                            ;             ;
; Usage by Processor         ; % Time Used ;
;     Processor 1            ; 100.0%      ;
;     Processors 2-4         ;   0.0%      ;
+----------------------------+-------------+


+---------------------------------------------------------------------------------------------------------------------------------------------------+
; Analysis & Synthesis Source Files Read                                                                                                            ;
+----------------------------------+-----------------+-----------------------+------------------------------------------------------------+---------+
; File Name with User-Entered Path ; Used in Netlist ; File Type             ; File Name with Absolute Path                               ; Library ;
+----------------------------------+-----------------+-----------------------+------------------------------------------------------------+---------+
; mottaker_sf.vhd                  ; yes             ; Auto-Found VHDL File  ; C:/Dev/school/ele111/lab8/del2/mottaker_sf/mottaker_sf.vhd ;         ;
+----------------------------------+-----------------+-----------------------+------------------------------------------------------------+---------+


+--------------------------------------------------------------+
; Analysis & Synthesis Resource Usage Summary                  ;
+---------------------------------------------+----------------+
; Resource                                    ; Usage          ;
+---------------------------------------------+----------------+
; Estimated Total logic elements              ; 3              ;
;                                             ;                ;
; Total combinational functions               ; 0              ;
; Logic element usage by number of LUT inputs ;                ;
;     -- 4 input functions                    ; 0              ;
;     -- 3 input functions                    ; 0              ;
;     -- <=2 input functions                  ; 0              ;
;                                             ;                ;
; Logic elements by mode                      ;                ;
;     -- normal mode                          ; 0              ;
;     -- arithmetic mode                      ; 0              ;
;                                             ;                ;
; Total registers                             ; 3              ;
;     -- Dedicated logic registers            ; 3              ;
;     -- I/O registers                        ; 0              ;
;                                             ;                ;
; I/O pins                                    ; 59             ;
;                                             ;                ;
; Embedded Multiplier 9-bit elements          ; 0              ;
;                                             ;                ;
; Maximum fan-out node                        ; CLOCK_50~input ;
; Maximum fan-out                             ; 3              ;
; Total fan-out                               ; 102            ;
; Average fan-out                             ; 0.65           ;
+---------------------------------------------+----------------+


+----------------------------------------------------------------------------------------------------------------------------------------------------------------------------------------------------------+
; Analysis & Synthesis Resource Utilization by Entity                                                                                                                                                      ;
+----------------------------+---------------------+---------------------------+-------------+--------------+---------+-----------+------+--------------+---------------------+-------------+--------------+
; Compilation Hierarchy Node ; Combinational ALUTs ; Dedicated Logic Registers ; Memory Bits ; DSP Elements ; DSP 9x9 ; DSP 18x18 ; Pins ; Virtual Pins ; Full Hierarchy Name ; Entity Name ; Library Name ;
+----------------------------+---------------------+---------------------------+-------------+--------------+---------+-----------+------+--------------+---------------------+-------------+--------------+
; |mottaker_sf               ; 0 (0)               ; 3 (3)                     ; 0           ; 0            ; 0       ; 0         ; 59   ; 0            ; |mottaker_sf        ; mottaker_sf ; work         ;
+----------------------------+---------------------+---------------------------+-------------+--------------+---------+-----------+------+--------------+---------------------+-------------+--------------+
Note: For table entries with two numbers listed, the numbers in parentheses indicate the number of resources of the given type used by the specific entity alone. The numbers listed outside of parentheses indicate the total resources of the given type used by the specific entity and all of its sub-entities in the hierarchy.


Encoding Type:  One-Hot
+-----------------------------------------------------------------------------------------------------------------------+
; State Machine - |mottaker_sf|state                                                                                    ;
+-------------------------+---------------+-----------------+------------------+-------------------------+--------------+
; Name                    ; state.s_error ; state.s_offload ; state.s_shift_in ; state.s_wait_for_sender ; state.s_idle ;
+-------------------------+---------------+-----------------+------------------+-------------------------+--------------+
; state.s_idle            ; 0             ; 0               ; 0                ; 0                       ; 0            ;
; state.s_wait_for_sender ; 0             ; 0               ; 0                ; 1                       ; 1            ;
; state.s_shift_in        ; 0             ; 0               ; 1                ; 0                       ; 1            ;
; state.s_offload         ; 0             ; 1               ; 0                ; 0                       ; 1            ;
; state.s_error           ; 1             ; 0               ; 0                ; 0                       ; 1            ;
+-------------------------+---------------+-----------------+------------------+-------------------------+--------------+


+---------------------------------------------------------------------------------+
; Registers Removed During Synthesis                                              ;
+----------------------------------------+----------------------------------------+
; Register name                          ; Reason for Removal                     ;
+----------------------------------------+----------------------------------------+
; GPIO[1]~en                             ; Stuck at GND due to stuck port data_in ;
; GPIO[5]~en                             ; Stuck at GND due to stuck port data_in ;
; din                                    ; Stuck at VCC due to stuck port data_in ;
; GPIO[1]~reg0                           ; Stuck at GND due to stuck port data_in ;
; GPIO[5]~reg0                           ; Stuck at GND due to stuck port data_in ;
; shiftreg[9]                            ; Stuck at VCC due to stuck port data_in ;
; shiftreg[0..8]                         ; Stuck at GND due to stuck port data_in ;
; state.s_shift_in                       ; Lost fanout                            ;
; state.s_offload                        ; Stuck at GND due to stuck port data_in ;
; sender_reset                           ; Lost fanout                            ;
; state.s_idle                           ; Lost fanout                            ;
; state.s_wait_for_sender                ; Lost fanout                            ;
; state.s_error                          ; Lost fanout                            ;
; Total Number of Removed Registers = 21 ;                                        ;
+----------------------------------------+----------------------------------------+


+------------------------------------------------------------------------------------+
; Removed Registers Triggering Further Register Optimizations                        ;
+---------------+---------------------------+----------------------------------------+
; Register name ; Reason for Removal        ; Registers Removed due to This Register ;
+---------------+---------------------------+----------------------------------------+
; din           ; Stuck at VCC              ; shiftreg[9], shiftreg[8], sender_reset ;
;               ; due to stuck port data_in ;                                        ;
; GPIO[1]~en    ; Stuck at GND              ; state.s_offload                        ;
;               ; due to stuck port data_in ;                                        ;
+---------------+---------------------------+----------------------------------------+


+------------------------------------------------------+
; General Register Statistics                          ;
+----------------------------------------------+-------+
; Statistic                                    ; Value ;
+----------------------------------------------+-------+
; Total registers                              ; 3     ;
; Number of registers using Synchronous Clear  ; 0     ;
; Number of registers using Synchronous Load   ; 0     ;
; Number of registers using Asynchronous Clear ; 0     ;
; Number of registers using Asynchronous Load  ; 0     ;
; Number of registers using Clock Enable       ; 0     ;
; Number of registers using Preset             ; 0     ;
+----------------------------------------------+-------+


+------------------------------------------------------------------------------------------------------------------------------------------+
; Multiplexer Restructuring Statistics (Restructuring Performed)                                                                           ;
+--------------------+-----------+---------------+----------------------+------------------------+------------+----------------------------+
; Multiplexer Inputs ; Bus Width ; Baseline Area ; Area if Restructured ; Saving if Restructured ; Registered ; Example Multiplexer Output ;
+--------------------+-----------+---------------+----------------------+------------------------+------------+----------------------------+
; 6:1                ; 2 bits    ; 8 LEs         ; 4 LEs                ; 4 LEs                  ; No         ; |mottaker_sf|state         ;
+--------------------+-----------+---------------+----------------------+------------------------+------------+----------------------------+


+-----------------------------------------------------+
; Post-Synthesis Netlist Statistics for Top Partition ;
+-----------------------+-----------------------------+
; Type                  ; Count                       ;
+-----------------------+-----------------------------+
; boundary_port         ; 59                          ;
; cycloneiii_ff         ; 3                           ;
;     plain             ; 3                           ;
; cycloneiii_io_obuf    ; 36                          ;
; cycloneiii_lcell_comb ; 1                           ;
;     normal            ; 1                           ;
;         0 data inputs ; 1                           ;
;                       ;                             ;
; Max LUT depth         ; 0.00                        ;
; Average LUT depth     ; 0.00                        ;
+-----------------------+-----------------------------+


+-------------------------------+
; Elapsed Time Per Partition    ;
+----------------+--------------+
; Partition Name ; Elapsed Time ;
+----------------+--------------+
; Top            ; 00:00:00     ;
+----------------+--------------+


+-------------------------------+
; Analysis & Synthesis Messages ;
+-------------------------------+
Info: *******************************************************************
Info: Running Quartus Prime Analysis & Synthesis
    Info: Version 18.1.0 Build 625 09/12/2018 SJ Lite Edition
    Info: Processing started: Wed Nov 13 12:10:38 2019
Info: Command: quartus_map --read_settings_files=on --write_settings_files=off mottaker_sf -c mottaker_sf
Warning (18236): Number of processors has not been specified which may cause overloading on shared machines.  Set the global assignment NUM_PARALLEL_PROCESSORS in your QSF to an appropriate value for best performance.
Info (20030): Parallel compilation is enabled and will use 4 of the 4 processors detected
Warning (12125): Using design file mottaker_sf.vhd, which is not specified as a design file for the current project, but contains definitions for 2 design units and 1 entities in project
    Info (12022): Found design unit 1: mottaker_sf-rtl File: C:/Dev/school/ele111/lab8/del2/mottaker_sf/mottaker_sf.vhd Line: 14
    Info (12023): Found entity 1: mottaker_sf File: C:/Dev/school/ele111/lab8/del2/mottaker_sf/mottaker_sf.vhd Line: 5
Info (12127): Elaborating entity "mottaker_sf" for the top level hierarchy
Warning (10036): Verilog HDL or VHDL warning at mottaker_sf.vhd(22): object "data_reg" assigned a value but never read File: C:/Dev/school/ele111/lab8/del2/mottaker_sf/mottaker_sf.vhd Line: 22
Warning (10873): Using initial value X (don't care) for net "LEDR[16..0]" at mottaker_sf.vhd(10) File: C:/Dev/school/ele111/lab8/del2/mottaker_sf/mottaker_sf.vhd Line: 10
Warning (13039): The following bidirectional pins have no drivers
    Warning (13040): bidirectional pin "GPIO[0]" has no driver File: C:/Dev/school/ele111/lab8/del2/mottaker_sf/mottaker_sf.vhd Line: 9
    Warning (13040): bidirectional pin "GPIO[2]" has no driver File: C:/Dev/school/ele111/lab8/del2/mottaker_sf/mottaker_sf.vhd Line: 9
    Warning (13040): bidirectional pin "GPIO[3]" has no driver File: C:/Dev/school/ele111/lab8/del2/mottaker_sf/mottaker_sf.vhd Line: 9
    Warning (13040): bidirectional pin "GPIO[4]" has no driver File: C:/Dev/school/ele111/lab8/del2/mottaker_sf/mottaker_sf.vhd Line: 9
    Warning (13040): bidirectional pin "GPIO[6]" has no driver File: C:/Dev/school/ele111/lab8/del2/mottaker_sf/mottaker_sf.vhd Line: 9
    Warning (13040): bidirectional pin "GPIO[7]" has no driver File: C:/Dev/school/ele111/lab8/del2/mottaker_sf/mottaker_sf.vhd Line: 9
    Warning (13040): bidirectional pin "GPIO[8]" has no driver File: C:/Dev/school/ele111/lab8/del2/mottaker_sf/mottaker_sf.vhd Line: 9
    Warning (13040): bidirectional pin "GPIO[9]" has no driver File: C:/Dev/school/ele111/lab8/del2/mottaker_sf/mottaker_sf.vhd Line: 9
    Warning (13040): bidirectional pin "GPIO[10]" has no driver File: C:/Dev/school/ele111/lab8/del2/mottaker_sf/mottaker_sf.vhd Line: 9
    Warning (13040): bidirectional pin "GPIO[11]" has no driver File: C:/Dev/school/ele111/lab8/del2/mottaker_sf/mottaker_sf.vhd Line: 9
    Warning (13040): bidirectional pin "GPIO[12]" has no driver File: C:/Dev/school/ele111/lab8/del2/mottaker_sf/mottaker_sf.vhd Line: 9
    Warning (13040): bidirectional pin "GPIO[13]" has no driver File: C:/Dev/school/ele111/lab8/del2/mottaker_sf/mottaker_sf.vhd Line: 9
    Warning (13040): bidirectional pin "GPIO[14]" has no driver File: C:/Dev/school/ele111/lab8/del2/mottaker_sf/mottaker_sf.vhd Line: 9
    Warning (13040): bidirectional pin "GPIO[15]" has no driver File: C:/Dev/school/ele111/lab8/del2/mottaker_sf/mottaker_sf.vhd Line: 9
    Warning (13040): bidirectional pin "GPIO[16]" has no driver File: C:/Dev/school/ele111/lab8/del2/mottaker_sf/mottaker_sf.vhd Line: 9
    Warning (13040): bidirectional pin "GPIO[17]" has no driver File: C:/Dev/school/ele111/lab8/del2/mottaker_sf/mottaker_sf.vhd Line: 9
    Warning (13040): bidirectional pin "GPIO[18]" has no driver File: C:/Dev/school/ele111/lab8/del2/mottaker_sf/mottaker_sf.vhd Line: 9
    Warning (13040): bidirectional pin "GPIO[19]" has no driver File: C:/Dev/school/ele111/lab8/del2/mottaker_sf/mottaker_sf.vhd Line: 9
    Warning (13040): bidirectional pin "GPIO[20]" has no driver File: C:/Dev/school/ele111/lab8/del2/mottaker_sf/mottaker_sf.vhd Line: 9
    Warning (13040): bidirectional pin "GPIO[21]" has no driver File: C:/Dev/school/ele111/lab8/del2/mottaker_sf/mottaker_sf.vhd Line: 9
    Warning (13040): bidirectional pin "GPIO[22]" has no driver File: C:/Dev/school/ele111/lab8/del2/mottaker_sf/mottaker_sf.vhd Line: 9
    Warning (13040): bidirectional pin "GPIO[23]" has no driver File: C:/Dev/school/ele111/lab8/del2/mottaker_sf/mottaker_sf.vhd Line: 9
    Warning (13040): bidirectional pin "GPIO[24]" has no driver File: C:/Dev/school/ele111/lab8/del2/mottaker_sf/mottaker_sf.vhd Line: 9
    Warning (13040): bidirectional pin "GPIO[25]" has no driver File: C:/Dev/school/ele111/lab8/del2/mottaker_sf/mottaker_sf.vhd Line: 9
    Warning (13040): bidirectional pin "GPIO[26]" has no driver File: C:/Dev/school/ele111/lab8/del2/mottaker_sf/mottaker_sf.vhd Line: 9
    Warning (13040): bidirectional pin "GPIO[27]" has no driver File: C:/Dev/school/ele111/lab8/del2/mottaker_sf/mottaker_sf.vhd Line: 9
    Warning (13040): bidirectional pin "GPIO[28]" has no driver File: C:/Dev/school/ele111/lab8/del2/mottaker_sf/mottaker_sf.vhd Line: 9
    Warning (13040): bidirectional pin "GPIO[29]" has no driver File: C:/Dev/school/ele111/lab8/del2/mottaker_sf/mottaker_sf.vhd Line: 9
    Warning (13040): bidirectional pin "GPIO[30]" has no driver File: C:/Dev/school/ele111/lab8/del2/mottaker_sf/mottaker_sf.vhd Line: 9
    Warning (13040): bidirectional pin "GPIO[31]" has no driver File: C:/Dev/school/ele111/lab8/del2/mottaker_sf/mottaker_sf.vhd Line: 9
    Warning (13040): bidirectional pin "GPIO[32]" has no driver File: C:/Dev/school/ele111/lab8/del2/mottaker_sf/mottaker_sf.vhd Line: 9
    Warning (13040): bidirectional pin "GPIO[33]" has no driver File: C:/Dev/school/ele111/lab8/del2/mottaker_sf/mottaker_sf.vhd Line: 9
    Warning (13040): bidirectional pin "GPIO[34]" has no driver File: C:/Dev/school/ele111/lab8/del2/mottaker_sf/mottaker_sf.vhd Line: 9
    Warning (13040): bidirectional pin "GPIO[35]" has no driver File: C:/Dev/school/ele111/lab8/del2/mottaker_sf/mottaker_sf.vhd Line: 9
Warning (13024): Output pins are stuck at VCC or GND
    Warning (13410): Pin "LEDR[0]" is stuck at GND File: C:/Dev/school/ele111/lab8/del2/mottaker_sf/mottaker_sf.vhd Line: 10
    Warning (13410): Pin "LEDR[1]" is stuck at GND File: C:/Dev/school/ele111/lab8/del2/mottaker_sf/mottaker_sf.vhd Line: 10
    Warning (13410): Pin "LEDR[2]" is stuck at GND File: C:/Dev/school/ele111/lab8/del2/mottaker_sf/mottaker_sf.vhd Line: 10
    Warning (13410): Pin "LEDR[3]" is stuck at GND File: C:/Dev/school/ele111/lab8/del2/mottaker_sf/mottaker_sf.vhd Line: 10
    Warning (13410): Pin "LEDR[4]" is stuck at GND File: C:/Dev/school/ele111/lab8/del2/mottaker_sf/mottaker_sf.vhd Line: 10
    Warning (13410): Pin "LEDR[5]" is stuck at GND File: C:/Dev/school/ele111/lab8/del2/mottaker_sf/mottaker_sf.vhd Line: 10
    Warning (13410): Pin "LEDR[6]" is stuck at GND File: C:/Dev/school/ele111/lab8/del2/mottaker_sf/mottaker_sf.vhd Line: 10
    Warning (13410): Pin "LEDR[7]" is stuck at GND File: C:/Dev/school/ele111/lab8/del2/mottaker_sf/mottaker_sf.vhd Line: 10
    Warning (13410): Pin "LEDR[8]" is stuck at GND File: C:/Dev/school/ele111/lab8/del2/mottaker_sf/mottaker_sf.vhd Line: 10
    Warning (13410): Pin "LEDR[9]" is stuck at GND File: C:/Dev/school/ele111/lab8/del2/mottaker_sf/mottaker_sf.vhd Line: 10
    Warning (13410): Pin "LEDR[10]" is stuck at GND File: C:/Dev/school/ele111/lab8/del2/mottaker_sf/mottaker_sf.vhd Line: 10
    Warning (13410): Pin "LEDR[11]" is stuck at GND File: C:/Dev/school/ele111/lab8/del2/mottaker_sf/mottaker_sf.vhd Line: 10
    Warning (13410): Pin "LEDR[12]" is stuck at GND File: C:/Dev/school/ele111/lab8/del2/mottaker_sf/mottaker_sf.vhd Line: 10
    Warning (13410): Pin "LEDR[13]" is stuck at GND File: C:/Dev/school/ele111/lab8/del2/mottaker_sf/mottaker_sf.vhd Line: 10
    Warning (13410): Pin "LEDR[14]" is stuck at GND File: C:/Dev/school/ele111/lab8/del2/mottaker_sf/mottaker_sf.vhd Line: 10
    Warning (13410): Pin "LEDR[15]" is stuck at GND File: C:/Dev/school/ele111/lab8/del2/mottaker_sf/mottaker_sf.vhd Line: 10
    Warning (13410): Pin "LEDR[16]" is stuck at GND File: C:/Dev/school/ele111/lab8/del2/mottaker_sf/mottaker_sf.vhd Line: 10
Info (286030): Timing-Driven Synthesis is running
Info (17049): 5 registers lost all their fanouts during netlist optimizations.
Info (16010): Generating hard_block partition "hard_block:auto_generated_inst"
    Info (16011): Adding 0 node(s), including 0 DDIO, 0 PLL, 0 transceiver and 0 LCELL
Warning (21074): Design contains 4 input pin(s) that do not drive logic
    Warning (15610): No output dependent on input pin "KEY[0]" File: C:/Dev/school/ele111/lab8/del2/mottaker_sf/mottaker_sf.vhd Line: 8
    Warning (15610): No output dependent on input pin "KEY[1]" File: C:/Dev/school/ele111/lab8/del2/mottaker_sf/mottaker_sf.vhd Line: 8
    Warning (15610): No output dependent on input pin "KEY[2]" File: C:/Dev/school/ele111/lab8/del2/mottaker_sf/mottaker_sf.vhd Line: 8
    Warning (15610): No output dependent on input pin "KEY[3]" File: C:/Dev/school/ele111/lab8/del2/mottaker_sf/mottaker_sf.vhd Line: 8
Info (21057): Implemented 62 device resources after synthesis - the final resource count might be different
    Info (21058): Implemented 5 input pins
    Info (21059): Implemented 18 output pins
    Info (21060): Implemented 36 bidirectional pins
    Info (21061): Implemented 3 logic cells
Info: Quartus Prime Analysis & Synthesis was successful. 0 errors, 62 warnings
    Info: Peak virtual memory: 4803 megabytes
    Info: Processing ended: Wed Nov 13 12:10:52 2019
    Info: Elapsed time: 00:00:14
    Info: Total CPU time (on all processors): 00:00:30


