Flow report for Lab1_dekoder_7Seg_DE2_nn
Wed Sep 04 22:25:58 2019
Quartus Prime Version 18.1.0 Build 625 09/12/2018 SJ Lite Edition


---------------------
; Table of Contents ;
---------------------
  1. Legal Notice
  2. Flow Summary
  3. Flow Settings
  4. Flow Non-Default Global Settings
  5. Flow Elapsed Time
  6. Flow OS Summary
  7. Flow Log
  8. Flow Messages
  9. Flow Suppressed Messages



----------------
; Legal Notice ;
----------------
Copyright (C) 2018  Intel Corporation. All rights reserved.
Your use of Intel Corporation's design tools, logic functions 
and other software and tools, and its AMPP partner logic 
functions, and any output files from any of the foregoing 
(including device programming or simulation files), and any 
associated documentation or information are expressly subject 
to the terms and conditions of the Intel Program License 
Subscription Agreement, the Intel Quartus Prime License Agreement,
the Intel FPGA IP License Agreement, or other applicable license
agreement, including, without limitation, that your use is for
the sole purpose of programming logic devices manufactured by
Intel and sold by Intel or its authorized distributors.  Please
refer to the applicable agreement for further details.



+----------------------------------------------------------------------------------+
; Flow Summary                                                                     ;
+------------------------------------+---------------------------------------------+
; Flow Status                        ; Successful - Wed Sep 04 22:25:58 2019       ;
; Quartus Prime Version              ; 18.1.0 Build 625 09/12/2018 SJ Lite Edition ;
; Revision Name                      ; Lab1_dekoder_7Seg_DE2_nn                    ;
; Top-level Entity Name              ; Dekoder_7Seg_DE2_nn                         ;
; Family                             ; Cyclone IV E                                ;
; Device                             ; EP4CE115F29C7                               ;
; Timing Models                      ; Final                                       ;
; Total logic elements               ; 5 / 114,480 ( < 1 % )                       ;
;     Total combinational functions  ; 5 / 114,480 ( < 1 % )                       ;
;     Dedicated logic registers      ; 0 / 114,480 ( 0 % )                         ;
; Total registers                    ; 0                                           ;
; Total pins                         ; 25 / 529 ( 5 % )                            ;
; Total virtual pins                 ; 0                                           ;
; Total memory bits                  ; 0 / 3,981,312 ( 0 % )                       ;
; Embedded Multiplier 9-bit elements ; 0 / 532 ( 0 % )                             ;
; Total PLLs                         ; 0 / 4 ( 0 % )                               ;
+------------------------------------+---------------------------------------------+


+----------------------------------------------+
; Flow Settings                                ;
+-------------------+--------------------------+
; Option            ; Setting                  ;
+-------------------+--------------------------+
; Start date & time ; 09/04/2019 22:25:23      ;
; Main task         ; Compilation              ;
; Revision Name     ; Lab1_dekoder_7Seg_DE2_nn ;
+-------------------+--------------------------+


+------------------------------------------------------------------------------------------------------------------------------------------------+
; Flow Non-Default Global Settings                                                                                                               ;
+-------------------------------------+----------------------------------------+--------------------------+---------------------+----------------+
; Assignment Name                     ; Value                                  ; Default Value            ; Entity Name         ; Section Id     ;
+-------------------------------------+----------------------------------------+--------------------------+---------------------+----------------+
; COMPILER_SIGNATURE_ID               ; 174508012080077.156762872313440        ; --                       ; --                  ; --             ;
; EDA_OUTPUT_DATA_FORMAT              ; Vhdl                                   ; --                       ; --                  ; eda_simulation ;
; EDA_SIMULATION_TOOL                 ; ModelSim-Altera (VHDL)                 ; <None>                   ; --                  ; --             ;
; EDA_TIME_SCALE                      ; 1 ps                                   ; --                       ; --                  ; eda_simulation ;
; MAX_CORE_JUNCTION_TEMP              ; 85                                     ; --                       ; --                  ; --             ;
; MIN_CORE_JUNCTION_TEMP              ; 0                                      ; --                       ; --                  ; --             ;
; NOMINAL_CORE_SUPPLY_VOLTAGE         ; 1.2V                                   ; --                       ; --                  ; --             ;
; PARTITION_COLOR                     ; -- (Not supported for targeted family) ; --                       ; Dekoder_7Seg_DE2_nn ; Top            ;
; PARTITION_FITTER_PRESERVATION_LEVEL ; -- (Not supported for targeted family) ; --                       ; Dekoder_7Seg_DE2_nn ; Top            ;
; PARTITION_NETLIST_TYPE              ; -- (Not supported for targeted family) ; --                       ; Dekoder_7Seg_DE2_nn ; Top            ;
; POWER_BOARD_THERMAL_MODEL           ; None (CONSERVATIVE)                    ; --                       ; --                  ; --             ;
; POWER_PRESET_COOLING_SOLUTION       ; 23 MM HEAT SINK WITH 200 LFPM AIRFLOW  ; --                       ; --                  ; --             ;
; PROJECT_OUTPUT_DIRECTORY            ; output_files                           ; --                       ; --                  ; --             ;
; TOP_LEVEL_ENTITY                    ; Dekoder_7Seg_DE2_nn                    ; Lab1_dekoder_7Seg_DE2_nn ; --                  ; --             ;
+-------------------------------------+----------------------------------------+--------------------------+---------------------+----------------+


+--------------------------------------------------------------------------------------------------------------------------+
; Flow Elapsed Time                                                                                                        ;
+----------------------+--------------+-------------------------+---------------------+------------------------------------+
; Module Name          ; Elapsed Time ; Average Processors Used ; Peak Virtual Memory ; Total CPU Time (on all processors) ;
+----------------------+--------------+-------------------------+---------------------+------------------------------------+
; Analysis & Synthesis ; 00:00:13     ; 1.0                     ; 4796 MB             ; 00:00:29                           ;
; Fitter               ; 00:00:10     ; 1.0                     ; 5687 MB             ; 00:00:18                           ;
; Assembler            ; 00:00:04     ; 1.0                     ; 4688 MB             ; 00:00:04                           ;
; Timing Analyzer      ; 00:00:02     ; 1.0                     ; 4847 MB             ; 00:00:02                           ;
; EDA Netlist Writer   ; 00:00:01     ; 1.0                     ; 4654 MB             ; 00:00:01                           ;
; Total                ; 00:00:30     ; --                      ; --                  ; 00:00:54                           ;
+----------------------+--------------+-------------------------+---------------------+------------------------------------+


+------------------------------------------------------------------------------------+
; Flow OS Summary                                                                    ;
+----------------------+------------------+------------+------------+----------------+
; Module Name          ; Machine Hostname ; OS Name    ; OS Version ; Processor type ;
+----------------------+------------------+------------+------------+----------------+
; Analysis & Synthesis ; DESKTOP-F7HJR35  ; Windows 10 ; 10.0       ; x86_64         ;
; Fitter               ; DESKTOP-F7HJR35  ; Windows 10 ; 10.0       ; x86_64         ;
; Assembler            ; DESKTOP-F7HJR35  ; Windows 10 ; 10.0       ; x86_64         ;
; Timing Analyzer      ; DESKTOP-F7HJR35  ; Windows 10 ; 10.0       ; x86_64         ;
; EDA Netlist Writer   ; DESKTOP-F7HJR35  ; Windows 10 ; 10.0       ; x86_64         ;
+----------------------+------------------+------------+------------+----------------+


------------
; Flow Log ;
------------
quartus_map --read_settings_files=on --write_settings_files=off Lab1_dekoder_7Seg_DE2_nn -c Lab1_dekoder_7Seg_DE2_nn
quartus_fit --read_settings_files=off --write_settings_files=off Lab1_dekoder_7Seg_DE2_nn -c Lab1_dekoder_7Seg_DE2_nn
quartus_asm --read_settings_files=off --write_settings_files=off Lab1_dekoder_7Seg_DE2_nn -c Lab1_dekoder_7Seg_DE2_nn
quartus_sta Lab1_dekoder_7Seg_DE2_nn -c Lab1_dekoder_7Seg_DE2_nn
quartus_eda --read_settings_files=off --write_settings_files=off Lab1_dekoder_7Seg_DE2_nn -c Lab1_dekoder_7Seg_DE2_nn



