Analysis & Synthesis report for LCD_klokke_SF
Mon Oct 28 09:48:42 2019
Quartus Prime Version 18.1.0 Build 625 09/12/2018 SJ Lite Edition


---------------------
; Table of Contents ;
---------------------
  1. Legal Notice
  2. Analysis & Synthesis Summary
  3. Analysis & Synthesis Settings
  4. Parallel Compilation
  5. Analysis & Synthesis Source Files Read
  6. Analysis & Synthesis Resource Usage Summary
  7. Analysis & Synthesis Resource Utilization by Entity
  8. State Machine - |LCD_klokke_SF|LCD_Display:lcd|next_command
  9. State Machine - |LCD_klokke_SF|LCD_Display:lcd|state
 10. Registers Removed During Synthesis
 11. General Register Statistics
 12. Inverted Register Statistics
 13. Multiplexer Restructuring Statistics (Restructuring Performed)
 14. Port Connectivity Checks: "LCD_Display:lcd"
 15. Post-Synthesis Netlist Statistics for Top Partition
 16. Elapsed Time Per Partition
 17. Analysis & Synthesis Messages



----------------
; Legal Notice ;
----------------
Copyright (C) 2018  Intel Corporation. All rights reserved.
Your use of Intel Corporation's design tools, logic functions 
and other software and tools, and its AMPP partner logic 
functions, and any output files from any of the foregoing 
(including device programming or simulation files), and any 
associated documentation or information are expressly subject 
to the terms and conditions of the Intel Program License 
Subscription Agreement, the Intel Quartus Prime License Agreement,
the Intel FPGA IP License Agreement, or other applicable license
agreement, including, without limitation, that your use is for
the sole purpose of programming logic devices manufactured by
Intel and sold by Intel or its authorized distributors.  Please
refer to the applicable agreement for further details.



+----------------------------------------------------------------------------------+
; Analysis & Synthesis Summary                                                     ;
+------------------------------------+---------------------------------------------+
; Analysis & Synthesis Status        ; Successful - Mon Oct 28 09:48:42 2019       ;
; Quartus Prime Version              ; 18.1.0 Build 625 09/12/2018 SJ Lite Edition ;
; Revision Name                      ; LCD_klokke_SF                               ;
; Top-level Entity Name              ; LCD_klokke_SF                               ;
; Family                             ; Cyclone IV E                                ;
; Total logic elements               ; 159                                         ;
;     Total combinational functions  ; 154                                         ;
;     Dedicated logic registers      ; 62                                          ;
; Total registers                    ; 62                                          ;
; Total pins                         ; 35                                          ;
; Total virtual pins                 ; 0                                           ;
; Total memory bits                  ; 0                                           ;
; Embedded Multiplier 9-bit elements ; 0                                           ;
; Total PLLs                         ; 0                                           ;
+------------------------------------+---------------------------------------------+


+------------------------------------------------------------------------------------------------------------+
; Analysis & Synthesis Settings                                                                              ;
+------------------------------------------------------------------+--------------------+--------------------+
; Option                                                           ; Setting            ; Default Value      ;
+------------------------------------------------------------------+--------------------+--------------------+
; Device                                                           ; EP4CE115F29C7      ;                    ;
; Top-level entity name                                            ; LCD_klokke_SF      ; LCD_klokke_SF      ;
; Family name                                                      ; Cyclone IV E       ; Cyclone V          ;
; Use smart compilation                                            ; Off                ; Off                ;
; Enable parallel Assembler and Timing Analyzer during compilation ; On                 ; On                 ;
; Enable compact report table                                      ; Off                ; Off                ;
; Restructure Multiplexers                                         ; Auto               ; Auto               ;
; Create Debugging Nodes for IP Cores                              ; Off                ; Off                ;
; Preserve fewer node names                                        ; On                 ; On                 ;
; Intel FPGA IP Evaluation Mode                                    ; Enable             ; Enable             ;
; Verilog Version                                                  ; Verilog_2001       ; Verilog_2001       ;
; VHDL Version                                                     ; VHDL_1993          ; VHDL_1993          ;
; State Machine Processing                                         ; Auto               ; Auto               ;
; Safe State Machine                                               ; Off                ; Off                ;
; Extract Verilog State Machines                                   ; On                 ; On                 ;
; Extract VHDL State Machines                                      ; On                 ; On                 ;
; Ignore Verilog initial constructs                                ; Off                ; Off                ;
; Iteration limit for constant Verilog loops                       ; 5000               ; 5000               ;
; Iteration limit for non-constant Verilog loops                   ; 250                ; 250                ;
; Add Pass-Through Logic to Inferred RAMs                          ; On                 ; On                 ;
; Infer RAMs from Raw Logic                                        ; On                 ; On                 ;
; Parallel Synthesis                                               ; On                 ; On                 ;
; DSP Block Balancing                                              ; Auto               ; Auto               ;
; NOT Gate Push-Back                                               ; On                 ; On                 ;
; Power-Up Don't Care                                              ; On                 ; On                 ;
; Remove Redundant Logic Cells                                     ; Off                ; Off                ;
; Remove Duplicate Registers                                       ; On                 ; On                 ;
; Ignore CARRY Buffers                                             ; Off                ; Off                ;
; Ignore CASCADE Buffers                                           ; Off                ; Off                ;
; Ignore GLOBAL Buffers                                            ; Off                ; Off                ;
; Ignore ROW GLOBAL Buffers                                        ; Off                ; Off                ;
; Ignore LCELL Buffers                                             ; Off                ; Off                ;
; Ignore SOFT Buffers                                              ; On                 ; On                 ;
; Limit AHDL Integers to 32 Bits                                   ; Off                ; Off                ;
; Optimization Technique                                           ; Balanced           ; Balanced           ;
; Carry Chain Length                                               ; 70                 ; 70                 ;
; Auto Carry Chains                                                ; On                 ; On                 ;
; Auto Open-Drain Pins                                             ; On                 ; On                 ;
; Perform WYSIWYG Primitive Resynthesis                            ; Off                ; Off                ;
; Auto ROM Replacement                                             ; On                 ; On                 ;
; Auto RAM Replacement                                             ; On                 ; On                 ;
; Auto DSP Block Replacement                                       ; On                 ; On                 ;
; Auto Shift Register Replacement                                  ; Auto               ; Auto               ;
; Allow Shift Register Merging across Hierarchies                  ; Auto               ; Auto               ;
; Auto Clock Enable Replacement                                    ; On                 ; On                 ;
; Strict RAM Replacement                                           ; Off                ; Off                ;
; Allow Synchronous Control Signals                                ; On                 ; On                 ;
; Force Use of Synchronous Clear Signals                           ; Off                ; Off                ;
; Auto RAM Block Balancing                                         ; On                 ; On                 ;
; Auto RAM to Logic Cell Conversion                                ; Off                ; Off                ;
; Auto Resource Sharing                                            ; Off                ; Off                ;
; Allow Any RAM Size For Recognition                               ; Off                ; Off                ;
; Allow Any ROM Size For Recognition                               ; Off                ; Off                ;
; Allow Any Shift Register Size For Recognition                    ; Off                ; Off                ;
; Use LogicLock Constraints during Resource Balancing              ; On                 ; On                 ;
; Ignore translate_off and synthesis_off directives                ; Off                ; Off                ;
; Timing-Driven Synthesis                                          ; On                 ; On                 ;
; Report Parameter Settings                                        ; On                 ; On                 ;
; Report Source Assignments                                        ; On                 ; On                 ;
; Report Connectivity Checks                                       ; On                 ; On                 ;
; Ignore Maximum Fan-Out Assignments                               ; Off                ; Off                ;
; Synchronization Register Chain Length                            ; 2                  ; 2                  ;
; Power Optimization During Synthesis                              ; Normal compilation ; Normal compilation ;
; HDL message level                                                ; Level2             ; Level2             ;
; Suppress Register Optimization Related Messages                  ; Off                ; Off                ;
; Number of Removed Registers Reported in Synthesis Report         ; 5000               ; 5000               ;
; Number of Swept Nodes Reported in Synthesis Report               ; 5000               ; 5000               ;
; Number of Inverted Registers Reported in Synthesis Report        ; 100                ; 100                ;
; Clock MUX Protection                                             ; On                 ; On                 ;
; Auto Gated Clock Conversion                                      ; Off                ; Off                ;
; Block Design Naming                                              ; Auto               ; Auto               ;
; SDC constraint protection                                        ; Off                ; Off                ;
; Synthesis Effort                                                 ; Auto               ; Auto               ;
; Shift Register Replacement - Allow Asynchronous Clear Signal     ; On                 ; On                 ;
; Pre-Mapping Resynthesis Optimization                             ; Off                ; Off                ;
; Analysis & Synthesis Message Level                               ; Medium             ; Medium             ;
; Disable Register Merging Across Hierarchies                      ; Auto               ; Auto               ;
; Resource Aware Inference For Block RAM                           ; On                 ; On                 ;
+------------------------------------------------------------------+--------------------+--------------------+


+------------------------------------------+
; Parallel Compilation                     ;
+----------------------------+-------------+
; Processors                 ; Number      ;
+----------------------------+-------------+
; Number detected on machine ; 8           ;
; Maximum allowed            ; 4           ;
;                            ;             ;
; Average used               ; 1.00        ;
; Maximum used               ; 4           ;
;                            ;             ;
; Usage by Processor         ; % Time Used ;
;     Processor 1            ; 100.0%      ;
;     Processor 2            ;   0.0%      ;
;     Processors 3-4         ;   0.0%      ;
+----------------------------+-------------+


+-----------------------------------------------------------------------------------------------------------------------------------------------------+
; Analysis & Synthesis Source Files Read                                                                                                              ;
+----------------------------------+-----------------+-----------------------+--------------------------------------------------------------+---------+
; File Name with User-Entered Path ; Used in Netlist ; File Type             ; File Name with Absolute Path                                 ; Library ;
+----------------------------------+-----------------+-----------------------+--------------------------------------------------------------+---------+
; lcd_klokke_sf.vhd                ; yes             ; Auto-Found VHDL File  ; C:/Dev/ele111/Lab7_del1_LCD_klokke_SF/lcd_klokke_sf.vhd      ;         ;
; reset_synchronizer.vhd           ; yes             ; Auto-Found VHDL File  ; C:/Dev/ele111/Lab7_del1_LCD_klokke_SF/reset_synchronizer.vhd ;         ;
; lcd_display.vhd                  ; yes             ; Auto-Found VHDL File  ; C:/Dev/ele111/Lab7_del1_LCD_klokke_SF/lcd_display.vhd        ;         ;
+----------------------------------+-----------------+-----------------------+--------------------------------------------------------------+---------+


+--------------------------------------------------------------+
; Analysis & Synthesis Resource Usage Summary                  ;
+---------------------------------------------+----------------+
; Resource                                    ; Usage          ;
+---------------------------------------------+----------------+
; Estimated Total logic elements              ; 159            ;
;                                             ;                ;
; Total combinational functions               ; 154            ;
; Logic element usage by number of LUT inputs ;                ;
;     -- 4 input functions                    ; 85             ;
;     -- 3 input functions                    ; 20             ;
;     -- <=2 input functions                  ; 49             ;
;                                             ;                ;
; Logic elements by mode                      ;                ;
;     -- normal mode                          ; 131            ;
;     -- arithmetic mode                      ; 23             ;
;                                             ;                ;
; Total registers                             ; 62             ;
;     -- Dedicated logic registers            ; 62             ;
;     -- I/O registers                        ; 0              ;
;                                             ;                ;
; I/O pins                                    ; 35             ;
;                                             ;                ;
; Embedded Multiplier 9-bit elements          ; 0              ;
;                                             ;                ;
; Maximum fan-out node                        ; clock_50~input ;
; Maximum fan-out                             ; 62             ;
; Total fan-out                               ; 773            ;
; Average fan-out                             ; 2.63           ;
+---------------------------------------------+----------------+


+--------------------------------------------------------------------------------------------------------------------------------------------------------------------------------------------------------------------------------------------------------------------+
; Analysis & Synthesis Resource Utilization by Entity                                                                                                                                                                                                                ;
+---------------------------------------------+---------------------+---------------------------+-------------+--------------+---------+-----------+------+--------------+-------------------------------------------------------+--------------------+--------------+
; Compilation Hierarchy Node                  ; Combinational ALUTs ; Dedicated Logic Registers ; Memory Bits ; DSP Elements ; DSP 9x9 ; DSP 18x18 ; Pins ; Virtual Pins ; Full Hierarchy Name                                   ; Entity Name        ; Library Name ;
+---------------------------------------------+---------------------+---------------------------+-------------+--------------+---------+-----------+------+--------------+-------------------------------------------------------+--------------------+--------------+
; |LCD_klokke_SF                              ; 154 (0)             ; 62 (0)                    ; 0           ; 0            ; 0       ; 0         ; 35   ; 0            ; |LCD_klokke_SF                                        ; LCD_klokke_SF      ; work         ;
;    |LCD_Display:lcd|                        ; 154 (154)           ; 60 (60)                   ; 0           ; 0            ; 0       ; 0         ; 0    ; 0            ; |LCD_klokke_SF|LCD_Display:lcd                        ; LCD_Display        ; work         ;
;    |Reset_synchronizer:reset_synkroniseres| ; 0 (0)               ; 2 (2)                     ; 0           ; 0            ; 0       ; 0         ; 0    ; 0            ; |LCD_klokke_SF|Reset_synchronizer:reset_synkroniseres ; Reset_synchronizer ; work         ;
+---------------------------------------------+---------------------+---------------------------+-------------+--------------+---------+-----------+------+--------------+-------------------------------------------------------+--------------------+--------------+
Note: For table entries with two numbers listed, the numbers in parentheses indicate the number of resources of the given type used by the specific entity alone. The numbers listed outside of parentheses indicate the total resources of the given type used by the specific entity and all of its sub-entities in the hierarchy.


Encoding Type:  One-Hot
+----------------------------------------------------------------------------------------------------------------------------------------------------------------------------------------------------------------------------------------------------------------------------------------------------------------------------------------------------------+
; State Machine - |LCD_klokke_SF|LCD_Display:lcd|next_command                                                                                                                                                                                                                                                                                              ;
+----------------------------+----------------------------+--------------------------+---------------------+-------------------+---------------------+-------------------------+--------------------------+--------------------+---------------------------+-----------------------+-------------------------+-----------------------+---------------------+
; Name                       ; next_command.DISPLAY_CLEAR ; next_command.DISPLAY_OFF ; next_command.RESET3 ; next_command.HOLD ; next_command.RESET1 ; next_command.DROP_LCD_E ; next_command.RETURN_HOME ; next_command.LINE2 ; next_command.Print_String ; next_command.MODE_SET ; next_command.DISPLAY_ON ; next_command.FUNC_SET ; next_command.RESET2 ;
+----------------------------+----------------------------+--------------------------+---------------------+-------------------+---------------------+-------------------------+--------------------------+--------------------+---------------------------+-----------------------+-------------------------+-----------------------+---------------------+
; next_command.RESET2        ; 0                          ; 0                        ; 0                   ; 0                 ; 0                   ; 0                       ; 0                        ; 0                  ; 0                         ; 0                     ; 0                       ; 0                     ; 0                   ;
; next_command.FUNC_SET      ; 0                          ; 0                        ; 0                   ; 0                 ; 0                   ; 0                       ; 0                        ; 0                  ; 0                         ; 0                     ; 0                       ; 1                     ; 1                   ;
; next_command.DISPLAY_ON    ; 0                          ; 0                        ; 0                   ; 0                 ; 0                   ; 0                       ; 0                        ; 0                  ; 0                         ; 0                     ; 1                       ; 0                     ; 1                   ;
; next_command.MODE_SET      ; 0                          ; 0                        ; 0                   ; 0                 ; 0                   ; 0                       ; 0                        ; 0                  ; 0                         ; 1                     ; 0                       ; 0                     ; 1                   ;
; next_command.Print_String  ; 0                          ; 0                        ; 0                   ; 0                 ; 0                   ; 0                       ; 0                        ; 0                  ; 1                         ; 0                     ; 0                       ; 0                     ; 1                   ;
; next_command.LINE2         ; 0                          ; 0                        ; 0                   ; 0                 ; 0                   ; 0                       ; 0                        ; 1                  ; 0                         ; 0                     ; 0                       ; 0                     ; 1                   ;
; next_command.RETURN_HOME   ; 0                          ; 0                        ; 0                   ; 0                 ; 0                   ; 0                       ; 1                        ; 0                  ; 0                         ; 0                     ; 0                       ; 0                     ; 1                   ;
; next_command.DROP_LCD_E    ; 0                          ; 0                        ; 0                   ; 0                 ; 0                   ; 1                       ; 0                        ; 0                  ; 0                         ; 0                     ; 0                       ; 0                     ; 1                   ;
; next_command.RESET1        ; 0                          ; 0                        ; 0                   ; 0                 ; 1                   ; 0                       ; 0                        ; 0                  ; 0                         ; 0                     ; 0                       ; 0                     ; 1                   ;
; next_command.HOLD          ; 0                          ; 0                        ; 0                   ; 1                 ; 0                   ; 0                       ; 0                        ; 0                  ; 0                         ; 0                     ; 0                       ; 0                     ; 1                   ;
; next_command.RESET3        ; 0                          ; 0                        ; 1                   ; 0                 ; 0                   ; 0                       ; 0                        ; 0                  ; 0                         ; 0                     ; 0                       ; 0                     ; 1                   ;
; next_command.DISPLAY_OFF   ; 0                          ; 1                        ; 0                   ; 0                 ; 0                   ; 0                       ; 0                        ; 0                  ; 0                         ; 0                     ; 0                       ; 0                     ; 1                   ;
; next_command.DISPLAY_CLEAR ; 1                          ; 0                        ; 0                   ; 0                 ; 0                   ; 0                       ; 0                        ; 0                  ; 0                         ; 0                     ; 0                       ; 0                     ; 1                   ;
+----------------------------+----------------------------+--------------------------+---------------------+-------------------+---------------------+-------------------------+--------------------------+--------------------+---------------------------+-----------------------+-------------------------+-----------------------+---------------------+


Encoding Type:  One-Hot
+--------------------------------------------------------------------------------------------------------------------------------------------------------------------------------------------------------------------------------------------------------+
; State Machine - |LCD_klokke_SF|LCD_Display:lcd|state                                                                                                                                                                                                   ;
+---------------------+---------------------+-------------------+--------------+--------------+------------+------------------+-------------------+-------------+--------------------+----------------+------------------+----------------+--------------+
; Name                ; state.DISPLAY_CLEAR ; state.DISPLAY_OFF ; state.RESET3 ; state.RESET2 ; state.HOLD ; state.DROP_LCD_E ; state.RETURN_HOME ; state.LINE2 ; state.Print_String ; state.MODE_SET ; state.DISPLAY_ON ; state.FUNC_SET ; state.RESET1 ;
+---------------------+---------------------+-------------------+--------------+--------------+------------+------------------+-------------------+-------------+--------------------+----------------+------------------+----------------+--------------+
; state.RESET1        ; 0                   ; 0                 ; 0            ; 0            ; 0          ; 0                ; 0                 ; 0           ; 0                  ; 0              ; 0                ; 0              ; 0            ;
; state.FUNC_SET      ; 0                   ; 0                 ; 0            ; 0            ; 0          ; 0                ; 0                 ; 0           ; 0                  ; 0              ; 0                ; 1              ; 1            ;
; state.DISPLAY_ON    ; 0                   ; 0                 ; 0            ; 0            ; 0          ; 0                ; 0                 ; 0           ; 0                  ; 0              ; 1                ; 0              ; 1            ;
; state.MODE_SET      ; 0                   ; 0                 ; 0            ; 0            ; 0          ; 0                ; 0                 ; 0           ; 0                  ; 1              ; 0                ; 0              ; 1            ;
; state.Print_String  ; 0                   ; 0                 ; 0            ; 0            ; 0          ; 0                ; 0                 ; 0           ; 1                  ; 0              ; 0                ; 0              ; 1            ;
; state.LINE2         ; 0                   ; 0                 ; 0            ; 0            ; 0          ; 0                ; 0                 ; 1           ; 0                  ; 0              ; 0                ; 0              ; 1            ;
; state.RETURN_HOME   ; 0                   ; 0                 ; 0            ; 0            ; 0          ; 0                ; 1                 ; 0           ; 0                  ; 0              ; 0                ; 0              ; 1            ;
; state.DROP_LCD_E    ; 0                   ; 0                 ; 0            ; 0            ; 0          ; 1                ; 0                 ; 0           ; 0                  ; 0              ; 0                ; 0              ; 1            ;
; state.HOLD          ; 0                   ; 0                 ; 0            ; 0            ; 1          ; 0                ; 0                 ; 0           ; 0                  ; 0              ; 0                ; 0              ; 1            ;
; state.RESET2        ; 0                   ; 0                 ; 0            ; 1            ; 0          ; 0                ; 0                 ; 0           ; 0                  ; 0              ; 0                ; 0              ; 1            ;
; state.RESET3        ; 0                   ; 0                 ; 1            ; 0            ; 0          ; 0                ; 0                 ; 0           ; 0                  ; 0              ; 0                ; 0              ; 1            ;
; state.DISPLAY_OFF   ; 0                   ; 1                 ; 0            ; 0            ; 0          ; 0                ; 0                 ; 0           ; 0                  ; 0              ; 0                ; 0              ; 1            ;
; state.DISPLAY_CLEAR ; 1                   ; 0                 ; 0            ; 0            ; 0          ; 0                ; 0                 ; 0           ; 0                  ; 0              ; 0                ; 0              ; 1            ;
+---------------------+---------------------+-------------------+--------------+--------------+------------+------------------+-------------------+-------------+--------------------+----------------+------------------+----------------+--------------+


+-----------------------------------------------------------------------------------------------+
; Registers Removed During Synthesis                                                            ;
+-----------------------------------------+-----------------------------------------------------+
; Register name                           ; Reason for Removal                                  ;
+-----------------------------------------+-----------------------------------------------------+
; LCD_Display:lcd|next_command.HOLD       ; Merged with LCD_Display:lcd|next_command.DROP_LCD_E ;
; LCD_Display:lcd|next_command.RESET1     ; Merged with LCD_Display:lcd|next_command.DROP_LCD_E ;
; LCD_Display:lcd|next_command.DROP_LCD_E ; Stuck at GND due to stuck port data_in              ;
; Total Number of Removed Registers = 3   ;                                                     ;
+-----------------------------------------+-----------------------------------------------------+


+------------------------------------------------------+
; General Register Statistics                          ;
+----------------------------------------------+-------+
; Statistic                                    ; Value ;
+----------------------------------------------+-------+
; Total registers                              ; 62    ;
; Number of registers using Synchronous Clear  ; 20    ;
; Number of registers using Synchronous Load   ; 0     ;
; Number of registers using Asynchronous Clear ; 36    ;
; Number of registers using Asynchronous Load  ; 0     ;
; Number of registers using Clock Enable       ; 38    ;
; Number of registers using Preset             ; 0     ;
+----------------------------------------------+-------+


+--------------------------------------------------+
; Inverted Register Statistics                     ;
+----------------------------------------+---------+
; Inverted Register                      ; Fan out ;
+----------------------------------------+---------+
; LCD_Display:lcd|LCD_E                  ; 2       ;
; LCD_Display:lcd|LCD_RW_INT             ; 9       ;
; LCD_Display:lcd|DATA_BUS_VALUE[3]      ; 2       ;
; LCD_Display:lcd|DATA_BUS_VALUE[4]      ; 1       ;
; LCD_Display:lcd|DATA_BUS_VALUE[5]      ; 1       ;
; Total number of inverted registers = 5 ;         ;
+----------------------------------------+---------+


+------------------------------------------------------------------------------------------------------------------------------------------------------------------+
; Multiplexer Restructuring Statistics (Restructuring Performed)                                                                                                   ;
+--------------------+-----------+---------------+----------------------+------------------------+------------+----------------------------------------------------+
; Multiplexer Inputs ; Bus Width ; Baseline Area ; Area if Restructured ; Saving if Restructured ; Registered ; Example Multiplexer Output                         ;
+--------------------+-----------+---------------+----------------------+------------------------+------------+----------------------------------------------------+
; 3:1                ; 20 bits   ; 40 LEs        ; 20 LEs               ; 20 LEs                 ; Yes        ; |LCD_klokke_SF|LCD_Display:lcd|CLK_COUNT_400HZ[13] ;
; 5:1                ; 2 bits    ; 6 LEs         ; 6 LEs                ; 0 LEs                  ; Yes        ; |LCD_klokke_SF|LCD_Display:lcd|DATA_BUS_VALUE[5]   ;
; 3:1                ; 11 bits   ; 22 LEs        ; 22 LEs               ; 0 LEs                  ; No         ; |LCD_klokke_SF|LCD_Display:lcd|state               ;
; 32:1               ; 2 bits    ; 42 LEs        ; 34 LEs               ; 8 LEs                  ; No         ; |LCD_klokke_SF|LCD_Display:lcd|Mux4                ;
; 32:1               ; 2 bits    ; 42 LEs        ; 32 LEs               ; 10 LEs                 ; No         ; |LCD_klokke_SF|LCD_Display:lcd|Mux6                ;
+--------------------+-----------+---------------+----------------------+------------------------+------------+----------------------------------------------------+


+------------------------------------------------------------+
; Port Connectivity Checks: "LCD_Display:lcd"                ;
+--------------------------+-------+----------+--------------+
; Port                     ; Type  ; Severity ; Details      ;
+--------------------------+-------+----------+--------------+
; hex_display_data[22..18] ; Input ; Info     ; Stuck at GND ;
; hex_display_data[23]     ; Input ; Info     ; Stuck at VCC ;
+--------------------------+-------+----------+--------------+


+-----------------------------------------------------+
; Post-Synthesis Netlist Statistics for Top Partition ;
+-----------------------+-----------------------------+
; Type                  ; Count                       ;
+-----------------------+-----------------------------+
; boundary_port         ; 35                          ;
; cycloneiii_ff         ; 62                          ;
;     CLR               ; 3                           ;
;     ENA               ; 5                           ;
;     ENA CLR           ; 33                          ;
;     SCLR              ; 20                          ;
;     plain             ; 1                           ;
; cycloneiii_io_obuf    ; 8                           ;
; cycloneiii_lcell_comb ; 157                         ;
;     arith             ; 23                          ;
;         2 data inputs ; 23                          ;
;     normal            ; 134                         ;
;         0 data inputs ; 1                           ;
;         1 data inputs ; 4                           ;
;         2 data inputs ; 24                          ;
;         3 data inputs ; 20                          ;
;         4 data inputs ; 85                          ;
;                       ;                             ;
; Max LUT depth         ; 9.00                        ;
; Average LUT depth     ; 4.21                        ;
+-----------------------+-----------------------------+


+-------------------------------+
; Elapsed Time Per Partition    ;
+----------------+--------------+
; Partition Name ; Elapsed Time ;
+----------------+--------------+
; Top            ; 00:00:01     ;
+----------------+--------------+


+-------------------------------+
; Analysis & Synthesis Messages ;
+-------------------------------+
Info: *******************************************************************
Info: Running Quartus Prime Analysis & Synthesis
    Info: Version 18.1.0 Build 625 09/12/2018 SJ Lite Edition
    Info: Processing started: Mon Oct 28 09:48:28 2019
Info: Command: quartus_map --read_settings_files=on --write_settings_files=off LCD_klokke_SF -c LCD_klokke_SF
Warning (18236): Number of processors has not been specified which may cause overloading on shared machines.  Set the global assignment NUM_PARALLEL_PROCESSORS in your QSF to an appropriate value for best performance.
Info (20030): Parallel compilation is enabled and will use 4 of the 4 processors detected
Warning (12125): Using design file lcd_klokke_sf.vhd, which is not specified as a design file for the current project, but contains definitions for 2 design units and 1 entities in project
    Info (12022): Found design unit 1: LCD_klokke_SF-rtl File: C:/Dev/ele111/Lab7_del1_LCD_klokke_SF/lcd_klokke_sf.vhd Line: 15
    Info (12023): Found entity 1: LCD_klokke_SF File: C:/Dev/ele111/Lab7_del1_LCD_klokke_SF/lcd_klokke_sf.vhd Line: 5
Info (12127): Elaborating entity "LCD_klokke_SF" for the top level hierarchy
Warning (12125): Using design file reset_synchronizer.vhd, which is not specified as a design file for the current project, but contains definitions for 2 design units and 1 entities in project
    Info (12022): Found design unit 1: Reset_synchronizer-rtl File: C:/Dev/ele111/Lab7_del1_LCD_klokke_SF/reset_synchronizer.vhd Line: 13
    Info (12023): Found entity 1: Reset_synchronizer File: C:/Dev/ele111/Lab7_del1_LCD_klokke_SF/reset_synchronizer.vhd Line: 5
Info (12128): Elaborating entity "Reset_synchronizer" for hierarchy "Reset_synchronizer:reset_synkroniseres" File: C:/Dev/ele111/Lab7_del1_LCD_klokke_SF/lcd_klokke_sf.vhd Line: 39
Warning (12125): Using design file lcd_display.vhd, which is not specified as a design file for the current project, but contains definitions for 2 design units and 1 entities in project
    Info (12022): Found design unit 1: LCD_Display-a File: C:/Dev/ele111/Lab7_del1_LCD_klokke_SF/lcd_display.vhd Line: 50
    Info (12023): Found entity 1: LCD_Display File: C:/Dev/ele111/Lab7_del1_LCD_klokke_SF/lcd_display.vhd Line: 6
Info (12128): Elaborating entity "LCD_Display" for hierarchy "LCD_Display:lcd" File: C:/Dev/ele111/Lab7_del1_LCD_klokke_SF/lcd_klokke_sf.vhd Line: 43
Info (13000): Registers with preset signals will power-up high File: C:/Dev/ele111/Lab7_del1_LCD_klokke_SF/lcd_display.vhd Line: 44
Info (13003): DEV_CLRn pin will set, and not reset, register with preset signal due to NOT Gate Push-Back
Warning (13024): Output pins are stuck at VCC or GND
    Warning (13410): Pin "LCD_ON" is stuck at VCC File: C:/Dev/ele111/Lab7_del1_LCD_klokke_SF/lcd_klokke_sf.vhd Line: 11
Info (286030): Timing-Driven Synthesis is running
Info (16010): Generating hard_block partition "hard_block:auto_generated_inst"
    Info (16011): Adding 0 node(s), including 0 DDIO, 0 PLL, 0 transceiver and 0 LCELL
Warning (21074): Design contains 3 input pin(s) that do not drive logic
    Warning (15610): No output dependent on input pin "KEY[0]" File: C:/Dev/ele111/Lab7_del1_LCD_klokke_SF/lcd_klokke_sf.vhd Line: 8
    Warning (15610): No output dependent on input pin "KEY[1]" File: C:/Dev/ele111/Lab7_del1_LCD_klokke_SF/lcd_klokke_sf.vhd Line: 8
    Warning (15610): No output dependent on input pin "KEY[2]" File: C:/Dev/ele111/Lab7_del1_LCD_klokke_SF/lcd_klokke_sf.vhd Line: 8
Info (21057): Implemented 195 device resources after synthesis - the final resource count might be different
    Info (21058): Implemented 23 input pins
    Info (21059): Implemented 4 output pins
    Info (21060): Implemented 8 bidirectional pins
    Info (21061): Implemented 160 logic cells
Info: Quartus Prime Analysis & Synthesis was successful. 0 errors, 10 warnings
    Info: Peak virtual memory: 4813 megabytes
    Info: Processing ended: Mon Oct 28 09:48:42 2019
    Info: Elapsed time: 00:00:14
    Info: Total CPU time (on all processors): 00:00:30


