Analysis & Synthesis report for lab8_del1
Thu Nov 14 09:28:20 2019
Quartus Prime Version 18.1.0 Build 625 09/12/2018 SJ Lite Edition


---------------------
; Table of Contents ;
---------------------
  1. Legal Notice
  2. Analysis & Synthesis Summary
  3. Analysis & Synthesis Settings
  4. Parallel Compilation
  5. Analysis & Synthesis Source Files Read
  6. Analysis & Synthesis Resource Usage Summary
  7. Analysis & Synthesis Resource Utilization by Entity
  8. State Machine - |lab8_del2|mottak_state
  9. State Machine - |lab8_del2|sender_state
 10. Registers Removed During Synthesis
 11. Removed Registers Triggering Further Register Optimizations
 12. General Register Statistics
 13. Multiplexer Restructuring Statistics (Restructuring Performed)
 14. Parameter Settings for Inferred Entity Instance: baudrate_gen:baudrate_gen_inst|lpm_divide:Div0
 15. Port Connectivity Checks: "Enable_gen:Enable_gen_inst"
 16. Post-Synthesis Netlist Statistics for Top Partition
 17. Elapsed Time Per Partition
 18. Analysis & Synthesis Messages



----------------
; Legal Notice ;
----------------
Copyright (C) 2018  Intel Corporation. All rights reserved.
Your use of Intel Corporation's design tools, logic functions 
and other software and tools, and its AMPP partner logic 
functions, and any output files from any of the foregoing 
(including device programming or simulation files), and any 
associated documentation or information are expressly subject 
to the terms and conditions of the Intel Program License 
Subscription Agreement, the Intel Quartus Prime License Agreement,
the Intel FPGA IP License Agreement, or other applicable license
agreement, including, without limitation, that your use is for
the sole purpose of programming logic devices manufactured by
Intel and sold by Intel or its authorized distributors.  Please
refer to the applicable agreement for further details.



+----------------------------------------------------------------------------------+
; Analysis & Synthesis Summary                                                     ;
+------------------------------------+---------------------------------------------+
; Analysis & Synthesis Status        ; Successful - Thu Nov 14 09:28:20 2019       ;
; Quartus Prime Version              ; 18.1.0 Build 625 09/12/2018 SJ Lite Edition ;
; Revision Name                      ; lab8_del1                                   ;
; Top-level Entity Name              ; lab8_del2                                   ;
; Family                             ; Cyclone IV E                                ;
; Total logic elements               ; 564                                         ;
;     Total combinational functions  ; 550                                         ;
;     Dedicated logic registers      ; 90                                          ;
; Total registers                    ; 90                                          ;
; Total pins                         ; 85                                          ;
; Total virtual pins                 ; 0                                           ;
; Total memory bits                  ; 0                                           ;
; Embedded Multiplier 9-bit elements ; 0                                           ;
; Total PLLs                         ; 0                                           ;
+------------------------------------+---------------------------------------------+


+------------------------------------------------------------------------------------------------------------+
; Analysis & Synthesis Settings                                                                              ;
+------------------------------------------------------------------+--------------------+--------------------+
; Option                                                           ; Setting            ; Default Value      ;
+------------------------------------------------------------------+--------------------+--------------------+
; Device                                                           ; EP4CE115F29C7      ;                    ;
; Top-level entity name                                            ; lab8_del2          ; lab8_del1          ;
; Family name                                                      ; Cyclone IV E       ; Cyclone V          ;
; Use smart compilation                                            ; Off                ; Off                ;
; Enable parallel Assembler and Timing Analyzer during compilation ; On                 ; On                 ;
; Enable compact report table                                      ; Off                ; Off                ;
; Restructure Multiplexers                                         ; Auto               ; Auto               ;
; Create Debugging Nodes for IP Cores                              ; Off                ; Off                ;
; Preserve fewer node names                                        ; On                 ; On                 ;
; Intel FPGA IP Evaluation Mode                                    ; Enable             ; Enable             ;
; Verilog Version                                                  ; Verilog_2001       ; Verilog_2001       ;
; VHDL Version                                                     ; VHDL_1993          ; VHDL_1993          ;
; State Machine Processing                                         ; Auto               ; Auto               ;
; Safe State Machine                                               ; Off                ; Off                ;
; Extract Verilog State Machines                                   ; On                 ; On                 ;
; Extract VHDL State Machines                                      ; On                 ; On                 ;
; Ignore Verilog initial constructs                                ; Off                ; Off                ;
; Iteration limit for constant Verilog loops                       ; 5000               ; 5000               ;
; Iteration limit for non-constant Verilog loops                   ; 250                ; 250                ;
; Add Pass-Through Logic to Inferred RAMs                          ; On                 ; On                 ;
; Infer RAMs from Raw Logic                                        ; On                 ; On                 ;
; Parallel Synthesis                                               ; On                 ; On                 ;
; DSP Block Balancing                                              ; Auto               ; Auto               ;
; NOT Gate Push-Back                                               ; On                 ; On                 ;
; Power-Up Don't Care                                              ; On                 ; On                 ;
; Remove Redundant Logic Cells                                     ; Off                ; Off                ;
; Remove Duplicate Registers                                       ; On                 ; On                 ;
; Ignore CARRY Buffers                                             ; Off                ; Off                ;
; Ignore CASCADE Buffers                                           ; Off                ; Off                ;
; Ignore GLOBAL Buffers                                            ; Off                ; Off                ;
; Ignore ROW GLOBAL Buffers                                        ; Off                ; Off                ;
; Ignore LCELL Buffers                                             ; Off                ; Off                ;
; Ignore SOFT Buffers                                              ; On                 ; On                 ;
; Limit AHDL Integers to 32 Bits                                   ; Off                ; Off                ;
; Optimization Technique                                           ; Balanced           ; Balanced           ;
; Carry Chain Length                                               ; 70                 ; 70                 ;
; Auto Carry Chains                                                ; On                 ; On                 ;
; Auto Open-Drain Pins                                             ; On                 ; On                 ;
; Perform WYSIWYG Primitive Resynthesis                            ; Off                ; Off                ;
; Auto ROM Replacement                                             ; On                 ; On                 ;
; Auto RAM Replacement                                             ; On                 ; On                 ;
; Auto DSP Block Replacement                                       ; On                 ; On                 ;
; Auto Shift Register Replacement                                  ; Auto               ; Auto               ;
; Allow Shift Register Merging across Hierarchies                  ; Auto               ; Auto               ;
; Auto Clock Enable Replacement                                    ; On                 ; On                 ;
; Strict RAM Replacement                                           ; Off                ; Off                ;
; Allow Synchronous Control Signals                                ; On                 ; On                 ;
; Force Use of Synchronous Clear Signals                           ; Off                ; Off                ;
; Auto RAM Block Balancing                                         ; On                 ; On                 ;
; Auto RAM to Logic Cell Conversion                                ; Off                ; Off                ;
; Auto Resource Sharing                                            ; Off                ; Off                ;
; Allow Any RAM Size For Recognition                               ; Off                ; Off                ;
; Allow Any ROM Size For Recognition                               ; Off                ; Off                ;
; Allow Any Shift Register Size For Recognition                    ; Off                ; Off                ;
; Use LogicLock Constraints during Resource Balancing              ; On                 ; On                 ;
; Ignore translate_off and synthesis_off directives                ; Off                ; Off                ;
; Timing-Driven Synthesis                                          ; On                 ; On                 ;
; Report Parameter Settings                                        ; On                 ; On                 ;
; Report Source Assignments                                        ; On                 ; On                 ;
; Report Connectivity Checks                                       ; On                 ; On                 ;
; Ignore Maximum Fan-Out Assignments                               ; Off                ; Off                ;
; Synchronization Register Chain Length                            ; 2                  ; 2                  ;
; Power Optimization During Synthesis                              ; Normal compilation ; Normal compilation ;
; HDL message level                                                ; Level2             ; Level2             ;
; Suppress Register Optimization Related Messages                  ; Off                ; Off                ;
; Number of Removed Registers Reported in Synthesis Report         ; 5000               ; 5000               ;
; Number of Swept Nodes Reported in Synthesis Report               ; 5000               ; 5000               ;
; Number of Inverted Registers Reported in Synthesis Report        ; 100                ; 100                ;
; Clock MUX Protection                                             ; On                 ; On                 ;
; Auto Gated Clock Conversion                                      ; Off                ; Off                ;
; Block Design Naming                                              ; Auto               ; Auto               ;
; SDC constraint protection                                        ; Off                ; Off                ;
; Synthesis Effort                                                 ; Auto               ; Auto               ;
; Shift Register Replacement - Allow Asynchronous Clear Signal     ; On                 ; On                 ;
; Pre-Mapping Resynthesis Optimization                             ; Off                ; Off                ;
; Analysis & Synthesis Message Level                               ; Medium             ; Medium             ;
; Disable Register Merging Across Hierarchies                      ; Auto               ; Auto               ;
; Resource Aware Inference For Block RAM                           ; On                 ; On                 ;
+------------------------------------------------------------------+--------------------+--------------------+


+------------------------------------------+
; Parallel Compilation                     ;
+----------------------------+-------------+
; Processors                 ; Number      ;
+----------------------------+-------------+
; Number detected on machine ; 8           ;
; Maximum allowed            ; 4           ;
;                            ;             ;
; Average used               ; 1.00        ;
; Maximum used               ; 4           ;
;                            ;             ;
; Usage by Processor         ; % Time Used ;
;     Processor 1            ; 100.0%      ;
;     Processors 2-4         ;   0.0%      ;
+----------------------------+-------------+


+--------------------------------------------------------------------------------------------------------------------------------------------------------------------------+
; Analysis & Synthesis Source Files Read                                                                                                                                   ;
+----------------------------------+-----------------+------------------------------+----------------------------------------------------------------------------+---------+
; File Name with User-Entered Path ; Used in Netlist ; File Type                    ; File Name with Absolute Path                                               ; Library ;
+----------------------------------+-----------------+------------------------------+----------------------------------------------------------------------------+---------+
; lab8_del2.vhd                    ; yes             ; Auto-Found VHDL File         ; C:/Dev/school/ele111/sender-mottaker/lab8_del1/lab8_del2.vhd               ;         ;
; enable_gen.vhd                   ; yes             ; Auto-Found VHDL File         ; C:/Dev/school/ele111/sender-mottaker/lab8_del1/enable_gen.vhd              ;         ;
; reset_sync.vhd                   ; yes             ; Auto-Found VHDL File         ; C:/Dev/school/ele111/sender-mottaker/lab8_del1/reset_sync.vhd              ;         ;
; baudrate_gen.vhd                 ; yes             ; Auto-Found VHDL File         ; C:/Dev/school/ele111/sender-mottaker/lab8_del1/baudrate_gen.vhd            ;         ;
; lpm_divide.tdf                   ; yes             ; Megafunction                 ; c:/intelfpga_lite/18.1/quartus/libraries/megafunctions/lpm_divide.tdf      ;         ;
; abs_divider.inc                  ; yes             ; Megafunction                 ; c:/intelfpga_lite/18.1/quartus/libraries/megafunctions/abs_divider.inc     ;         ;
; sign_div_unsign.inc              ; yes             ; Megafunction                 ; c:/intelfpga_lite/18.1/quartus/libraries/megafunctions/sign_div_unsign.inc ;         ;
; aglobal181.inc                   ; yes             ; Megafunction                 ; c:/intelfpga_lite/18.1/quartus/libraries/megafunctions/aglobal181.inc      ;         ;
; db/lpm_divide_hkm.tdf            ; yes             ; Auto-Generated Megafunction  ; C:/Dev/school/ele111/sender-mottaker/lab8_del1/db/lpm_divide_hkm.tdf       ;         ;
; db/sign_div_unsign_9nh.tdf       ; yes             ; Auto-Generated Megafunction  ; C:/Dev/school/ele111/sender-mottaker/lab8_del1/db/sign_div_unsign_9nh.tdf  ;         ;
; db/alt_u_div_6af.tdf             ; yes             ; Auto-Generated Megafunction  ; C:/Dev/school/ele111/sender-mottaker/lab8_del1/db/alt_u_div_6af.tdf        ;         ;
; db/add_sub_7pc.tdf               ; yes             ; Auto-Generated Megafunction  ; C:/Dev/school/ele111/sender-mottaker/lab8_del1/db/add_sub_7pc.tdf          ;         ;
; db/add_sub_8pc.tdf               ; yes             ; Auto-Generated Megafunction  ; C:/Dev/school/ele111/sender-mottaker/lab8_del1/db/add_sub_8pc.tdf          ;         ;
+----------------------------------+-----------------+------------------------------+----------------------------------------------------------------------------+---------+


+--------------------------------------------------------------+
; Analysis & Synthesis Resource Usage Summary                  ;
+---------------------------------------------+----------------+
; Resource                                    ; Usage          ;
+---------------------------------------------+----------------+
; Estimated Total logic elements              ; 564            ;
;                                             ;                ;
; Total combinational functions               ; 550            ;
; Logic element usage by number of LUT inputs ;                ;
;     -- 4 input functions                    ; 111            ;
;     -- 3 input functions                    ; 321            ;
;     -- <=2 input functions                  ; 118            ;
;                                             ;                ;
; Logic elements by mode                      ;                ;
;     -- normal mode                          ; 304            ;
;     -- arithmetic mode                      ; 246            ;
;                                             ;                ;
; Total registers                             ; 90             ;
;     -- Dedicated logic registers            ; 90             ;
;     -- I/O registers                        ; 0              ;
;                                             ;                ;
; I/O pins                                    ; 85             ;
;                                             ;                ;
; Embedded Multiplier 9-bit elements          ; 0              ;
;                                             ;                ;
; Maximum fan-out node                        ; CLOCK_50~input ;
; Maximum fan-out                             ; 90             ;
; Total fan-out                               ; 2022           ;
; Average fan-out                             ; 2.39           ;
+---------------------------------------------+----------------+


+-------------------------------------------------------------------------------------------------------------------------------------------------------------------------------------------------------------------------------------------------------------------------------------------------------------------------------------------------------+
; Analysis & Synthesis Resource Utilization by Entity                                                                                                                                                                                                                                                                                                   ;
+-------------------------------------------+---------------------+---------------------------+-------------+--------------+---------+-----------+------+--------------+-------------------------------------------------------------------------------------------------------------------------------------------+---------------------+--------------+
; Compilation Hierarchy Node                ; Combinational ALUTs ; Dedicated Logic Registers ; Memory Bits ; DSP Elements ; DSP 9x9 ; DSP 18x18 ; Pins ; Virtual Pins ; Full Hierarchy Name                                                                                                                       ; Entity Name         ; Library Name ;
+-------------------------------------------+---------------------+---------------------------+-------------+--------------+---------+-----------+------+--------------+-------------------------------------------------------------------------------------------------------------------------------------------+---------------------+--------------+
; |lab8_del2                                ; 550 (42)            ; 90 (34)                   ; 0           ; 0            ; 0       ; 0         ; 85   ; 0            ; |lab8_del2                                                                                                                                ; lab8_del2           ; work         ;
;    |Enable_gen:Enable_gen_inst|           ; 37 (37)             ; 27 (27)                   ; 0           ; 0            ; 0       ; 0         ; 0    ; 0            ; |lab8_del2|Enable_gen:Enable_gen_inst                                                                                                     ; Enable_gen          ; work         ;
;    |baudrate_gen:baudrate_gen_inst|       ; 471 (63)            ; 27 (27)                   ; 0           ; 0            ; 0       ; 0         ; 0    ; 0            ; |lab8_del2|baudrate_gen:baudrate_gen_inst                                                                                                 ; baudrate_gen        ; work         ;
;       |lpm_divide:Div0|                   ; 408 (0)             ; 0 (0)                     ; 0           ; 0            ; 0       ; 0         ; 0    ; 0            ; |lab8_del2|baudrate_gen:baudrate_gen_inst|lpm_divide:Div0                                                                                 ; lpm_divide          ; work         ;
;          |lpm_divide_hkm:auto_generated|  ; 408 (0)             ; 0 (0)                     ; 0           ; 0            ; 0       ; 0         ; 0    ; 0            ; |lab8_del2|baudrate_gen:baudrate_gen_inst|lpm_divide:Div0|lpm_divide_hkm:auto_generated                                                   ; lpm_divide_hkm      ; work         ;
;             |sign_div_unsign_9nh:divider| ; 408 (0)             ; 0 (0)                     ; 0           ; 0            ; 0       ; 0         ; 0    ; 0            ; |lab8_del2|baudrate_gen:baudrate_gen_inst|lpm_divide:Div0|lpm_divide_hkm:auto_generated|sign_div_unsign_9nh:divider                       ; sign_div_unsign_9nh ; work         ;
;                |alt_u_div_6af:divider|    ; 408 (408)           ; 0 (0)                     ; 0           ; 0            ; 0       ; 0         ; 0    ; 0            ; |lab8_del2|baudrate_gen:baudrate_gen_inst|lpm_divide:Div0|lpm_divide_hkm:auto_generated|sign_div_unsign_9nh:divider|alt_u_div_6af:divider ; alt_u_div_6af       ; work         ;
;    |reset_sync:reset_synchronizer_inst|   ; 0 (0)               ; 2 (2)                     ; 0           ; 0            ; 0       ; 0         ; 0    ; 0            ; |lab8_del2|reset_sync:reset_synchronizer_inst                                                                                             ; reset_sync          ; work         ;
+-------------------------------------------+---------------------+---------------------------+-------------+--------------+---------+-----------+------+--------------+-------------------------------------------------------------------------------------------------------------------------------------------+---------------------+--------------+
Note: For table entries with two numbers listed, the numbers in parentheses indicate the number of resources of the given type used by the specific entity alone. The numbers listed outside of parentheses indicate the total resources of the given type used by the specific entity and all of its sub-entities in the hierarchy.


Encoding Type:  One-Hot
+-----------------------------------------------------------------------------------------------------------------------------------------------------------------+
; State Machine - |lab8_del2|mottak_state                                                                                                                         ;
+--------------------------------+----------------------+------------------------+-------------------------+--------------------------------+---------------------+
; Name                           ; mottak_state.s_error ; mottak_state.s_offload ; mottak_state.s_shift_in ; mottak_state.s_wait_for_sender ; mottak_state.s_idle ;
+--------------------------------+----------------------+------------------------+-------------------------+--------------------------------+---------------------+
; mottak_state.s_idle            ; 0                    ; 0                      ; 0                       ; 0                              ; 0                   ;
; mottak_state.s_wait_for_sender ; 0                    ; 0                      ; 0                       ; 1                              ; 1                   ;
; mottak_state.s_shift_in        ; 0                    ; 0                      ; 1                       ; 0                              ; 1                   ;
; mottak_state.s_offload         ; 0                    ; 1                      ; 0                       ; 0                              ; 1                   ;
; mottak_state.s_error           ; 1                    ; 0                      ; 0                       ; 0                              ; 1                   ;
+--------------------------------+----------------------+------------------------+-------------------------+--------------------------------+---------------------+


Encoding Type:  One-Hot
+---------------------------------------------------------------------------------------------------------------------------------------------------+
; State Machine - |lab8_del2|sender_state                                                                                                           ;
+--------------------------+---------------------+-----------------------+--------------------------+-------------------------+---------------------+
; Name                     ; sender_state.s_wait ; sender_state.s_finish ; sender_state.s_shift_out ; sender_state.s_transmit ; sender_state.s_idle ;
+--------------------------+---------------------+-----------------------+--------------------------+-------------------------+---------------------+
; sender_state.s_idle      ; 0                   ; 0                     ; 0                        ; 0                       ; 0                   ;
; sender_state.s_transmit  ; 0                   ; 0                     ; 0                        ; 1                       ; 1                   ;
; sender_state.s_shift_out ; 0                   ; 0                     ; 1                        ; 0                       ; 1                   ;
; sender_state.s_finish    ; 0                   ; 1                     ; 0                        ; 0                       ; 1                   ;
; sender_state.s_wait      ; 1                   ; 0                     ; 0                        ; 0                       ; 1                   ;
+--------------------------+---------------------+-----------------------+--------------------------+-------------------------+---------------------+


+---------------------------------------------------------------------------------------+
; Registers Removed During Synthesis                                                    ;
+----------------------------------------------+----------------------------------------+
; Register name                                ; Reason for Removal                     ;
+----------------------------------------------+----------------------------------------+
; sender_state.s_shift_out                     ; Stuck at GND due to stuck port data_in ;
; send_shiftregister[0]                        ; Stuck at GND due to stuck port data_in ;
; data_ut                                      ; Stuck at VCC due to stuck port data_in ;
; sender_state.s_finish                        ; Stuck at GND due to stuck port data_in ;
; sender_state.s_wait                          ; Stuck at GND due to stuck port data_in ;
; baudrate_gen:baudrate_gen_inst|baud_enable_s ; Lost fanout                            ;
; sender_state.s_transmit                      ; Lost fanout                            ;
; sender_state.s_idle                          ; Lost fanout                            ;
; start_qq                                     ; Lost fanout                            ;
; start_q                                      ; Lost fanout                            ;
; Total Number of Removed Registers = 10       ;                                        ;
+----------------------------------------------+----------------------------------------+


+----------------------------------------------------------------------------------------------------------------------------------------+
; Removed Registers Triggering Further Register Optimizations                                                                            ;
+--------------------------+---------------------------+---------------------------------------------------------------------------------+
; Register name            ; Reason for Removal        ; Registers Removed due to This Register                                          ;
+--------------------------+---------------------------+---------------------------------------------------------------------------------+
; sender_state.s_shift_out ; Stuck at GND              ; data_ut, baudrate_gen:baudrate_gen_inst|baud_enable_s, sender_state.s_transmit, ;
;                          ; due to stuck port data_in ; sender_state.s_idle, start_qq, start_q                                          ;
+--------------------------+---------------------------+---------------------------------------------------------------------------------+


+------------------------------------------------------+
; General Register Statistics                          ;
+----------------------------------------------+-------+
; Statistic                                    ; Value ;
+----------------------------------------------+-------+
; Total registers                              ; 90    ;
; Number of registers using Synchronous Clear  ; 58    ;
; Number of registers using Synchronous Load   ; 8     ;
; Number of registers using Asynchronous Clear ; 2     ;
; Number of registers using Asynchronous Load  ; 0     ;
; Number of registers using Clock Enable       ; 24    ;
; Number of registers using Preset             ; 0     ;
+----------------------------------------------+-------+


+--------------------------------------------------------------------------------------------------------------------------------------------------------------------+
; Multiplexer Restructuring Statistics (Restructuring Performed)                                                                                                     ;
+--------------------+-----------+---------------+----------------------+------------------------+------------+------------------------------------------------------+
; Multiplexer Inputs ; Bus Width ; Baseline Area ; Area if Restructured ; Saving if Restructured ; Registered ; Example Multiplexer Output                           ;
+--------------------+-----------+---------------+----------------------+------------------------+------------+------------------------------------------------------+
; 3:1                ; 26 bits   ; 52 LEs        ; 26 LEs               ; 26 LEs                 ; Yes        ; |lab8_del2|Enable_gen:Enable_gen_inst|teller[10]     ;
; 4:1                ; 26 bits   ; 52 LEs        ; 26 LEs               ; 26 LEs                 ; Yes        ; |lab8_del2|baudrate_gen:baudrate_gen_inst|teller[20] ;
; 5:1                ; 8 bits    ; 24 LEs        ; 16 LEs               ; 8 LEs                  ; Yes        ; |lab8_del2|send_shiftregister[6]                     ;
; 9:1                ; 3 bits    ; 18 LEs        ; 12 LEs               ; 6 LEs                  ; No         ; |lab8_del2|mottak_state                              ;
; 8:1                ; 3 bits    ; 15 LEs        ; 6 LEs                ; 9 LEs                  ; No         ; |lab8_del2|sender_state                              ;
; 10:1               ; 2 bits    ; 12 LEs        ; 6 LEs                ; 6 LEs                  ; No         ; |lab8_del2|sender_state                              ;
; 11:1               ; 2 bits    ; 14 LEs        ; 8 LEs                ; 6 LEs                  ; No         ; |lab8_del2|mottak_state                              ;
+--------------------+-----------+---------------+----------------------+------------------------+------------+------------------------------------------------------+


+-------------------------------------------------------------------------------------------------+
; Parameter Settings for Inferred Entity Instance: baudrate_gen:baudrate_gen_inst|lpm_divide:Div0 ;
+------------------------+----------------+-------------------------------------------------------+
; Parameter Name         ; Value          ; Type                                                  ;
+------------------------+----------------+-------------------------------------------------------+
; LPM_WIDTHN             ; 26             ; Untyped                                               ;
; LPM_WIDTHD             ; 20             ; Untyped                                               ;
; LPM_NREPRESENTATION    ; UNSIGNED       ; Untyped                                               ;
; LPM_DREPRESENTATION    ; UNSIGNED       ; Untyped                                               ;
; LPM_PIPELINE           ; 0              ; Untyped                                               ;
; LPM_REMAINDERPOSITIVE  ; TRUE           ; Untyped                                               ;
; MAXIMIZE_SPEED         ; 5              ; Untyped                                               ;
; CBXI_PARAMETER         ; lpm_divide_hkm ; Untyped                                               ;
; CARRY_CHAIN            ; MANUAL         ; Untyped                                               ;
; OPTIMIZE_FOR_SPEED     ; 5              ; Untyped                                               ;
; AUTO_CARRY_CHAINS      ; ON             ; AUTO_CARRY                                            ;
; IGNORE_CARRY_BUFFERS   ; OFF            ; IGNORE_CARRY                                          ;
; AUTO_CASCADE_CHAINS    ; ON             ; AUTO_CASCADE                                          ;
; IGNORE_CASCADE_BUFFERS ; OFF            ; IGNORE_CASCADE                                        ;
+------------------------+----------------+-------------------------------------------------------+
Note: In order to hide this table in the UI and the text report file, please set the "Show Parameter Settings in Synthesis Report" option in "Analysis and Synthesis Settings -> More Settings" to "Off".


+--------------------------------------------------------+
; Port Connectivity Checks: "Enable_gen:Enable_gen_inst" ;
+-------------+-------+----------+-----------------------+
; Port        ; Type  ; Severity ; Details               ;
+-------------+-------+----------+-----------------------+
; velg_enable ; Input ; Info     ; Stuck at GND          ;
+-------------+-------+----------+-----------------------+


+-----------------------------------------------------+
; Post-Synthesis Netlist Statistics for Top Partition ;
+-----------------------+-----------------------------+
; Type                  ; Count                       ;
+-----------------------+-----------------------------+
; boundary_port         ; 85                          ;
; cycloneiii_ff         ; 90                          ;
;     CLR               ; 2                           ;
;     ENA               ; 15                          ;
;     ENA SCLR          ; 1                           ;
;     ENA SLD           ; 8                           ;
;     SCLR              ; 57                          ;
;     plain             ; 7                           ;
; cycloneiii_io_obuf    ; 36                          ;
; cycloneiii_lcell_comb ; 551                         ;
;     arith             ; 246                         ;
;         2 data inputs ; 67                          ;
;         3 data inputs ; 179                         ;
;     normal            ; 305                         ;
;         0 data inputs ; 15                          ;
;         1 data inputs ; 8                           ;
;         2 data inputs ; 29                          ;
;         3 data inputs ; 142                         ;
;         4 data inputs ; 111                         ;
;                       ;                             ;
; Max LUT depth         ; 51.60                       ;
; Average LUT depth     ; 34.30                       ;
+-----------------------+-----------------------------+


+-------------------------------+
; Elapsed Time Per Partition    ;
+----------------+--------------+
; Partition Name ; Elapsed Time ;
+----------------+--------------+
; Top            ; 00:00:06     ;
+----------------+--------------+


+-------------------------------+
; Analysis & Synthesis Messages ;
+-------------------------------+
Info: *******************************************************************
Info: Running Quartus Prime Analysis & Synthesis
    Info: Version 18.1.0 Build 625 09/12/2018 SJ Lite Edition
    Info: Processing started: Thu Nov 14 09:28:00 2019
Info: Command: quartus_map --read_settings_files=on --write_settings_files=off lab8_del1 -c lab8_del1
Warning (18236): Number of processors has not been specified which may cause overloading on shared machines.  Set the global assignment NUM_PARALLEL_PROCESSORS in your QSF to an appropriate value for best performance.
Info (20030): Parallel compilation is enabled and will use 4 of the 4 processors detected
Warning (12125): Using design file lab8_del2.vhd, which is not specified as a design file for the current project, but contains definitions for 2 design units and 1 entities in project
    Info (12022): Found design unit 1: lab8_del2-RTL File: C:/Dev/school/ele111/sender-mottaker/lab8_del1/lab8_del2.vhd Line: 14
    Info (12023): Found entity 1: lab8_del2 File: C:/Dev/school/ele111/sender-mottaker/lab8_del1/lab8_del2.vhd Line: 4
Info (12127): Elaborating entity "lab8_del2" for the top level hierarchy
Warning (10540): VHDL Signal Declaration warning at lab8_del2.vhd(51): used explicit default value for signal "START_BIT" because signal was never assigned a value File: C:/Dev/school/ele111/sender-mottaker/lab8_del1/lab8_del2.vhd Line: 51
Warning (10540): VHDL Signal Declaration warning at lab8_del2.vhd(52): used explicit default value for signal "STOP_BIT" because signal was never assigned a value File: C:/Dev/school/ele111/sender-mottaker/lab8_del1/lab8_del2.vhd Line: 52
Warning (10873): Using initial value X (don't care) for net "LEDR[15..9]" at lab8_del2.vhd(10) File: C:/Dev/school/ele111/sender-mottaker/lab8_del1/lab8_del2.vhd Line: 10
Warning (10873): Using initial value X (don't care) for net "LEDR[0]" at lab8_del2.vhd(10) File: C:/Dev/school/ele111/sender-mottaker/lab8_del1/lab8_del2.vhd Line: 10
Warning (10873): Using initial value X (don't care) for net "LEDG[6..1]" at lab8_del2.vhd(11) File: C:/Dev/school/ele111/sender-mottaker/lab8_del1/lab8_del2.vhd Line: 11
Warning (12125): Using design file enable_gen.vhd, which is not specified as a design file for the current project, but contains definitions for 2 design units and 1 entities in project
    Info (12022): Found design unit 1: Enable_gen-rtl File: C:/Dev/school/ele111/sender-mottaker/lab8_del1/enable_gen.vhd Line: 13
    Info (12023): Found entity 1: Enable_gen File: C:/Dev/school/ele111/sender-mottaker/lab8_del1/enable_gen.vhd Line: 5
Info (12128): Elaborating entity "Enable_gen" for hierarchy "Enable_gen:Enable_gen_inst" File: C:/Dev/school/ele111/sender-mottaker/lab8_del1/lab8_del2.vhd Line: 60
Warning (12125): Using design file reset_sync.vhd, which is not specified as a design file for the current project, but contains definitions for 2 design units and 1 entities in project
    Info (12022): Found design unit 1: reset_sync-rtl File: C:/Dev/school/ele111/sender-mottaker/lab8_del1/reset_sync.vhd Line: 13
    Info (12023): Found entity 1: reset_sync File: C:/Dev/school/ele111/sender-mottaker/lab8_del1/reset_sync.vhd Line: 5
Info (12128): Elaborating entity "reset_sync" for hierarchy "reset_sync:reset_synchronizer_inst" File: C:/Dev/school/ele111/sender-mottaker/lab8_del1/lab8_del2.vhd Line: 67
Warning (12125): Using design file baudrate_gen.vhd, which is not specified as a design file for the current project, but contains definitions for 2 design units and 1 entities in project
    Info (12022): Found design unit 1: baudrate_gen-RTL File: C:/Dev/school/ele111/sender-mottaker/lab8_del1/baudrate_gen.vhd Line: 14
    Info (12023): Found entity 1: baudrate_gen File: C:/Dev/school/ele111/sender-mottaker/lab8_del1/baudrate_gen.vhd Line: 4
Info (12128): Elaborating entity "baudrate_gen" for hierarchy "baudrate_gen:baudrate_gen_inst" File: C:/Dev/school/ele111/sender-mottaker/lab8_del1/lab8_del2.vhd Line: 104
Info (278001): Inferred 1 megafunctions from design logic
    Info (278004): Inferred divider/modulo megafunction ("lpm_divide") from the following logic: "baudrate_gen:baudrate_gen_inst|Div0" File: C:/Dev/school/ele111/sender-mottaker/lab8_del1/baudrate_gen.vhd Line: 21
Info (12130): Elaborated megafunction instantiation "baudrate_gen:baudrate_gen_inst|lpm_divide:Div0" File: C:/Dev/school/ele111/sender-mottaker/lab8_del1/baudrate_gen.vhd Line: 21
Info (12133): Instantiated megafunction "baudrate_gen:baudrate_gen_inst|lpm_divide:Div0" with the following parameter: File: C:/Dev/school/ele111/sender-mottaker/lab8_del1/baudrate_gen.vhd Line: 21
    Info (12134): Parameter "LPM_WIDTHN" = "26"
    Info (12134): Parameter "LPM_WIDTHD" = "20"
    Info (12134): Parameter "LPM_NREPRESENTATION" = "UNSIGNED"
    Info (12134): Parameter "LPM_DREPRESENTATION" = "UNSIGNED"
Info (12021): Found 1 design units, including 1 entities, in source file db/lpm_divide_hkm.tdf
    Info (12023): Found entity 1: lpm_divide_hkm File: C:/Dev/school/ele111/sender-mottaker/lab8_del1/db/lpm_divide_hkm.tdf Line: 24
Info (12021): Found 1 design units, including 1 entities, in source file db/sign_div_unsign_9nh.tdf
    Info (12023): Found entity 1: sign_div_unsign_9nh File: C:/Dev/school/ele111/sender-mottaker/lab8_del1/db/sign_div_unsign_9nh.tdf Line: 24
Info (12021): Found 1 design units, including 1 entities, in source file db/alt_u_div_6af.tdf
    Info (12023): Found entity 1: alt_u_div_6af File: C:/Dev/school/ele111/sender-mottaker/lab8_del1/db/alt_u_div_6af.tdf Line: 26
Info (12021): Found 1 design units, including 1 entities, in source file db/add_sub_7pc.tdf
    Info (12023): Found entity 1: add_sub_7pc File: C:/Dev/school/ele111/sender-mottaker/lab8_del1/db/add_sub_7pc.tdf Line: 22
Info (12021): Found 1 design units, including 1 entities, in source file db/add_sub_8pc.tdf
    Info (12023): Found entity 1: add_sub_8pc File: C:/Dev/school/ele111/sender-mottaker/lab8_del1/db/add_sub_8pc.tdf Line: 22
Warning (13039): The following bidirectional pins have no drivers
    Warning (13040): bidirectional pin "GPIO[0]" has no driver File: C:/Dev/school/ele111/sender-mottaker/lab8_del1/lab8_del2.vhd Line: 9
    Warning (13040): bidirectional pin "GPIO[2]" has no driver File: C:/Dev/school/ele111/sender-mottaker/lab8_del1/lab8_del2.vhd Line: 9
    Warning (13040): bidirectional pin "GPIO[3]" has no driver File: C:/Dev/school/ele111/sender-mottaker/lab8_del1/lab8_del2.vhd Line: 9
    Warning (13040): bidirectional pin "GPIO[4]" has no driver File: C:/Dev/school/ele111/sender-mottaker/lab8_del1/lab8_del2.vhd Line: 9
    Warning (13040): bidirectional pin "GPIO[5]" has no driver File: C:/Dev/school/ele111/sender-mottaker/lab8_del1/lab8_del2.vhd Line: 9
    Warning (13040): bidirectional pin "GPIO[6]" has no driver File: C:/Dev/school/ele111/sender-mottaker/lab8_del1/lab8_del2.vhd Line: 9
    Warning (13040): bidirectional pin "GPIO[8]" has no driver File: C:/Dev/school/ele111/sender-mottaker/lab8_del1/lab8_del2.vhd Line: 9
    Warning (13040): bidirectional pin "GPIO[9]" has no driver File: C:/Dev/school/ele111/sender-mottaker/lab8_del1/lab8_del2.vhd Line: 9
    Warning (13040): bidirectional pin "GPIO[10]" has no driver File: C:/Dev/school/ele111/sender-mottaker/lab8_del1/lab8_del2.vhd Line: 9
    Warning (13040): bidirectional pin "GPIO[11]" has no driver File: C:/Dev/school/ele111/sender-mottaker/lab8_del1/lab8_del2.vhd Line: 9
    Warning (13040): bidirectional pin "GPIO[12]" has no driver File: C:/Dev/school/ele111/sender-mottaker/lab8_del1/lab8_del2.vhd Line: 9
    Warning (13040): bidirectional pin "GPIO[13]" has no driver File: C:/Dev/school/ele111/sender-mottaker/lab8_del1/lab8_del2.vhd Line: 9
    Warning (13040): bidirectional pin "GPIO[14]" has no driver File: C:/Dev/school/ele111/sender-mottaker/lab8_del1/lab8_del2.vhd Line: 9
    Warning (13040): bidirectional pin "GPIO[15]" has no driver File: C:/Dev/school/ele111/sender-mottaker/lab8_del1/lab8_del2.vhd Line: 9
    Warning (13040): bidirectional pin "GPIO[16]" has no driver File: C:/Dev/school/ele111/sender-mottaker/lab8_del1/lab8_del2.vhd Line: 9
    Warning (13040): bidirectional pin "GPIO[17]" has no driver File: C:/Dev/school/ele111/sender-mottaker/lab8_del1/lab8_del2.vhd Line: 9
    Warning (13040): bidirectional pin "GPIO[18]" has no driver File: C:/Dev/school/ele111/sender-mottaker/lab8_del1/lab8_del2.vhd Line: 9
    Warning (13040): bidirectional pin "GPIO[19]" has no driver File: C:/Dev/school/ele111/sender-mottaker/lab8_del1/lab8_del2.vhd Line: 9
    Warning (13040): bidirectional pin "GPIO[20]" has no driver File: C:/Dev/school/ele111/sender-mottaker/lab8_del1/lab8_del2.vhd Line: 9
    Warning (13040): bidirectional pin "GPIO[21]" has no driver File: C:/Dev/school/ele111/sender-mottaker/lab8_del1/lab8_del2.vhd Line: 9
    Warning (13040): bidirectional pin "GPIO[22]" has no driver File: C:/Dev/school/ele111/sender-mottaker/lab8_del1/lab8_del2.vhd Line: 9
    Warning (13040): bidirectional pin "GPIO[23]" has no driver File: C:/Dev/school/ele111/sender-mottaker/lab8_del1/lab8_del2.vhd Line: 9
    Warning (13040): bidirectional pin "GPIO[24]" has no driver File: C:/Dev/school/ele111/sender-mottaker/lab8_del1/lab8_del2.vhd Line: 9
    Warning (13040): bidirectional pin "GPIO[25]" has no driver File: C:/Dev/school/ele111/sender-mottaker/lab8_del1/lab8_del2.vhd Line: 9
    Warning (13040): bidirectional pin "GPIO[26]" has no driver File: C:/Dev/school/ele111/sender-mottaker/lab8_del1/lab8_del2.vhd Line: 9
    Warning (13040): bidirectional pin "GPIO[27]" has no driver File: C:/Dev/school/ele111/sender-mottaker/lab8_del1/lab8_del2.vhd Line: 9
    Warning (13040): bidirectional pin "GPIO[28]" has no driver File: C:/Dev/school/ele111/sender-mottaker/lab8_del1/lab8_del2.vhd Line: 9
    Warning (13040): bidirectional pin "GPIO[29]" has no driver File: C:/Dev/school/ele111/sender-mottaker/lab8_del1/lab8_del2.vhd Line: 9
    Warning (13040): bidirectional pin "GPIO[30]" has no driver File: C:/Dev/school/ele111/sender-mottaker/lab8_del1/lab8_del2.vhd Line: 9
    Warning (13040): bidirectional pin "GPIO[31]" has no driver File: C:/Dev/school/ele111/sender-mottaker/lab8_del1/lab8_del2.vhd Line: 9
    Warning (13040): bidirectional pin "GPIO[32]" has no driver File: C:/Dev/school/ele111/sender-mottaker/lab8_del1/lab8_del2.vhd Line: 9
    Warning (13040): bidirectional pin "GPIO[33]" has no driver File: C:/Dev/school/ele111/sender-mottaker/lab8_del1/lab8_del2.vhd Line: 9
    Warning (13040): bidirectional pin "GPIO[34]" has no driver File: C:/Dev/school/ele111/sender-mottaker/lab8_del1/lab8_del2.vhd Line: 9
    Warning (13040): bidirectional pin "GPIO[35]" has no driver File: C:/Dev/school/ele111/sender-mottaker/lab8_del1/lab8_del2.vhd Line: 9
Warning (13024): Output pins are stuck at VCC or GND
    Warning (13410): Pin "LEDR[0]" is stuck at GND File: C:/Dev/school/ele111/sender-mottaker/lab8_del1/lab8_del2.vhd Line: 10
    Warning (13410): Pin "LEDR[9]" is stuck at GND File: C:/Dev/school/ele111/sender-mottaker/lab8_del1/lab8_del2.vhd Line: 10
    Warning (13410): Pin "LEDR[10]" is stuck at GND File: C:/Dev/school/ele111/sender-mottaker/lab8_del1/lab8_del2.vhd Line: 10
    Warning (13410): Pin "LEDR[11]" is stuck at GND File: C:/Dev/school/ele111/sender-mottaker/lab8_del1/lab8_del2.vhd Line: 10
    Warning (13410): Pin "LEDR[12]" is stuck at GND File: C:/Dev/school/ele111/sender-mottaker/lab8_del1/lab8_del2.vhd Line: 10
    Warning (13410): Pin "LEDR[13]" is stuck at GND File: C:/Dev/school/ele111/sender-mottaker/lab8_del1/lab8_del2.vhd Line: 10
    Warning (13410): Pin "LEDR[14]" is stuck at GND File: C:/Dev/school/ele111/sender-mottaker/lab8_del1/lab8_del2.vhd Line: 10
    Warning (13410): Pin "LEDR[15]" is stuck at GND File: C:/Dev/school/ele111/sender-mottaker/lab8_del1/lab8_del2.vhd Line: 10
    Warning (13410): Pin "LEDG[1]" is stuck at GND File: C:/Dev/school/ele111/sender-mottaker/lab8_del1/lab8_del2.vhd Line: 11
    Warning (13410): Pin "LEDG[2]" is stuck at GND File: C:/Dev/school/ele111/sender-mottaker/lab8_del1/lab8_del2.vhd Line: 11
    Warning (13410): Pin "LEDG[3]" is stuck at GND File: C:/Dev/school/ele111/sender-mottaker/lab8_del1/lab8_del2.vhd Line: 11
    Warning (13410): Pin "LEDG[4]" is stuck at GND File: C:/Dev/school/ele111/sender-mottaker/lab8_del1/lab8_del2.vhd Line: 11
    Warning (13410): Pin "LEDG[5]" is stuck at GND File: C:/Dev/school/ele111/sender-mottaker/lab8_del1/lab8_del2.vhd Line: 11
    Warning (13410): Pin "LEDG[6]" is stuck at GND File: C:/Dev/school/ele111/sender-mottaker/lab8_del1/lab8_del2.vhd Line: 11
Info (286030): Timing-Driven Synthesis is running
Info (17049): 5 registers lost all their fanouts during netlist optimizations.
Info (17016): Found the following redundant logic cells in design
    Info (17048): Logic cell "baudrate_gen:baudrate_gen_inst|lpm_divide:Div0|lpm_divide_hkm:auto_generated|sign_div_unsign_9nh:divider|alt_u_div_6af:divider|add_sub_12_result_int[4]~18" File: C:/Dev/school/ele111/sender-mottaker/lab8_del1/db/alt_u_div_6af.tdf Line: 46
    Info (17048): Logic cell "baudrate_gen:baudrate_gen_inst|lpm_divide:Div0|lpm_divide_hkm:auto_generated|sign_div_unsign_9nh:divider|alt_u_div_6af:divider|op_5~22"
    Info (17048): Logic cell "baudrate_gen:baudrate_gen_inst|lpm_divide:Div0|lpm_divide_hkm:auto_generated|sign_div_unsign_9nh:divider|alt_u_div_6af:divider|op_6~24"
    Info (17048): Logic cell "baudrate_gen:baudrate_gen_inst|lpm_divide:Div0|lpm_divide_hkm:auto_generated|sign_div_unsign_9nh:divider|alt_u_div_6af:divider|op_7~26"
    Info (17048): Logic cell "baudrate_gen:baudrate_gen_inst|lpm_divide:Div0|lpm_divide_hkm:auto_generated|sign_div_unsign_9nh:divider|alt_u_div_6af:divider|op_8~28"
    Info (17048): Logic cell "baudrate_gen:baudrate_gen_inst|lpm_divide:Div0|lpm_divide_hkm:auto_generated|sign_div_unsign_9nh:divider|alt_u_div_6af:divider|op_14~34"
Info (16010): Generating hard_block partition "hard_block:auto_generated_inst"
    Info (16011): Adding 0 node(s), including 0 DDIO, 0 PLL, 0 transceiver and 0 LCELL
Warning (21074): Design contains 17 input pin(s) that do not drive logic
    Warning (15610): No output dependent on input pin "KEY[1]" File: C:/Dev/school/ele111/sender-mottaker/lab8_del1/lab8_del2.vhd Line: 7
    Warning (15610): No output dependent on input pin "KEY[2]" File: C:/Dev/school/ele111/sender-mottaker/lab8_del1/lab8_del2.vhd Line: 7
    Warning (15610): No output dependent on input pin "SW[0]" File: C:/Dev/school/ele111/sender-mottaker/lab8_del1/lab8_del2.vhd Line: 8
    Warning (15610): No output dependent on input pin "SW[9]" File: C:/Dev/school/ele111/sender-mottaker/lab8_del1/lab8_del2.vhd Line: 8
    Warning (15610): No output dependent on input pin "SW[10]" File: C:/Dev/school/ele111/sender-mottaker/lab8_del1/lab8_del2.vhd Line: 8
    Warning (15610): No output dependent on input pin "SW[11]" File: C:/Dev/school/ele111/sender-mottaker/lab8_del1/lab8_del2.vhd Line: 8
    Warning (15610): No output dependent on input pin "SW[12]" File: C:/Dev/school/ele111/sender-mottaker/lab8_del1/lab8_del2.vhd Line: 8
    Warning (15610): No output dependent on input pin "SW[13]" File: C:/Dev/school/ele111/sender-mottaker/lab8_del1/lab8_del2.vhd Line: 8
    Warning (15610): No output dependent on input pin "SW[1]" File: C:/Dev/school/ele111/sender-mottaker/lab8_del1/lab8_del2.vhd Line: 8
    Warning (15610): No output dependent on input pin "SW[2]" File: C:/Dev/school/ele111/sender-mottaker/lab8_del1/lab8_del2.vhd Line: 8
    Warning (15610): No output dependent on input pin "SW[3]" File: C:/Dev/school/ele111/sender-mottaker/lab8_del1/lab8_del2.vhd Line: 8
    Warning (15610): No output dependent on input pin "SW[4]" File: C:/Dev/school/ele111/sender-mottaker/lab8_del1/lab8_del2.vhd Line: 8
    Warning (15610): No output dependent on input pin "SW[5]" File: C:/Dev/school/ele111/sender-mottaker/lab8_del1/lab8_del2.vhd Line: 8
    Warning (15610): No output dependent on input pin "SW[6]" File: C:/Dev/school/ele111/sender-mottaker/lab8_del1/lab8_del2.vhd Line: 8
    Warning (15610): No output dependent on input pin "SW[7]" File: C:/Dev/school/ele111/sender-mottaker/lab8_del1/lab8_del2.vhd Line: 8
    Warning (15610): No output dependent on input pin "SW[8]" File: C:/Dev/school/ele111/sender-mottaker/lab8_del1/lab8_del2.vhd Line: 8
    Warning (15610): No output dependent on input pin "KEY[0]" File: C:/Dev/school/ele111/sender-mottaker/lab8_del1/lab8_del2.vhd Line: 7
Info (21057): Implemented 649 device resources after synthesis - the final resource count might be different
    Info (21058): Implemented 23 input pins
    Info (21059): Implemented 26 output pins
    Info (21060): Implemented 36 bidirectional pins
    Info (21061): Implemented 564 logic cells
Info: Quartus Prime Analysis & Synthesis was successful. 0 errors, 78 warnings
    Info: Peak virtual memory: 4823 megabytes
    Info: Processing ended: Thu Nov 14 09:28:20 2019
    Info: Elapsed time: 00:00:20
    Info: Total CPU time (on all processors): 00:00:35


