Analysis & Synthesis report for Parkeringshuset_Simen_Fuglestad
Mon Oct 21 09:35:10 2019
Quartus Prime Version 18.1.0 Build 625 09/12/2018 SJ Lite Edition


---------------------
; Table of Contents ;
---------------------
  1. Legal Notice
  2. Analysis & Synthesis Summary
  3. Analysis & Synthesis Settings
  4. Parallel Compilation
  5. Analysis & Synthesis Source Files Read
  6. Analysis & Synthesis Resource Usage Summary
  7. Analysis & Synthesis Resource Utilization by Entity
  8. State Machine - |parkeringshus|antiprell:anti_prell_ut|tilstand
  9. State Machine - |parkeringshus|antiprell:anti_prell_inn|tilstand
 10. Registers Removed During Synthesis
 11. Removed Registers Triggering Further Register Optimizations
 12. General Register Statistics
 13. Multiplexer Restructuring Statistics (Restructuring Performed)
 14. Parameter Settings for Inferred Entity Instance: bin2bcd:bin2bcd_comp|lpm_divide:Div1
 15. Parameter Settings for Inferred Entity Instance: bin2bcd:bin2bcd_comp|lpm_divide:Div0
 16. Parameter Settings for Inferred Entity Instance: bin2bcd:bin2bcd_comp|lpm_mult:Mult0
 17. lpm_mult Parameter Settings by Entity Instance
 18. Port Connectivity Checks: "Enable_gen:enable_gen_comp"
 19. Post-Synthesis Netlist Statistics for Top Partition
 20. Elapsed Time Per Partition
 21. Analysis & Synthesis Messages



----------------
; Legal Notice ;
----------------
Copyright (C) 2018  Intel Corporation. All rights reserved.
Your use of Intel Corporation's design tools, logic functions 
and other software and tools, and its AMPP partner logic 
functions, and any output files from any of the foregoing 
(including device programming or simulation files), and any 
associated documentation or information are expressly subject 
to the terms and conditions of the Intel Program License 
Subscription Agreement, the Intel Quartus Prime License Agreement,
the Intel FPGA IP License Agreement, or other applicable license
agreement, including, without limitation, that your use is for
the sole purpose of programming logic devices manufactured by
Intel and sold by Intel or its authorized distributors.  Please
refer to the applicable agreement for further details.



+----------------------------------------------------------------------------------+
; Analysis & Synthesis Summary                                                     ;
+------------------------------------+---------------------------------------------+
; Analysis & Synthesis Status        ; Successful - Mon Oct 21 09:35:10 2019       ;
; Quartus Prime Version              ; 18.1.0 Build 625 09/12/2018 SJ Lite Edition ;
; Revision Name                      ; Parkeringshuset_Simen_Fuglestad             ;
; Top-level Entity Name              ; parkeringshus                               ;
; Family                             ; Cyclone IV E                                ;
; Total logic elements               ; 216                                         ;
;     Total combinational functions  ; 209                                         ;
;     Dedicated logic registers      ; 60                                          ;
; Total registers                    ; 60                                          ;
; Total pins                         ; 97                                          ;
; Total virtual pins                 ; 0                                           ;
; Total memory bits                  ; 0                                           ;
; Embedded Multiplier 9-bit elements ; 0                                           ;
; Total PLLs                         ; 0                                           ;
+------------------------------------+---------------------------------------------+


+-------------------------------------------------------------------------------------------------------------------------+
; Analysis & Synthesis Settings                                                                                           ;
+------------------------------------------------------------------+--------------------+---------------------------------+
; Option                                                           ; Setting            ; Default Value                   ;
+------------------------------------------------------------------+--------------------+---------------------------------+
; Device                                                           ; EP4CE115F29C7      ;                                 ;
; Top-level entity name                                            ; parkeringshus      ; Parkeringshuset_Simen_Fuglestad ;
; Family name                                                      ; Cyclone IV E       ; Cyclone V                       ;
; Use smart compilation                                            ; Off                ; Off                             ;
; Enable parallel Assembler and Timing Analyzer during compilation ; On                 ; On                              ;
; Enable compact report table                                      ; Off                ; Off                             ;
; Restructure Multiplexers                                         ; Auto               ; Auto                            ;
; Create Debugging Nodes for IP Cores                              ; Off                ; Off                             ;
; Preserve fewer node names                                        ; On                 ; On                              ;
; Intel FPGA IP Evaluation Mode                                    ; Enable             ; Enable                          ;
; Verilog Version                                                  ; Verilog_2001       ; Verilog_2001                    ;
; VHDL Version                                                     ; VHDL_1993          ; VHDL_1993                       ;
; State Machine Processing                                         ; Auto               ; Auto                            ;
; Safe State Machine                                               ; Off                ; Off                             ;
; Extract Verilog State Machines                                   ; On                 ; On                              ;
; Extract VHDL State Machines                                      ; On                 ; On                              ;
; Ignore Verilog initial constructs                                ; Off                ; Off                             ;
; Iteration limit for constant Verilog loops                       ; 5000               ; 5000                            ;
; Iteration limit for non-constant Verilog loops                   ; 250                ; 250                             ;
; Add Pass-Through Logic to Inferred RAMs                          ; On                 ; On                              ;
; Infer RAMs from Raw Logic                                        ; On                 ; On                              ;
; Parallel Synthesis                                               ; On                 ; On                              ;
; DSP Block Balancing                                              ; Auto               ; Auto                            ;
; NOT Gate Push-Back                                               ; On                 ; On                              ;
; Power-Up Don't Care                                              ; On                 ; On                              ;
; Remove Redundant Logic Cells                                     ; Off                ; Off                             ;
; Remove Duplicate Registers                                       ; On                 ; On                              ;
; Ignore CARRY Buffers                                             ; Off                ; Off                             ;
; Ignore CASCADE Buffers                                           ; Off                ; Off                             ;
; Ignore GLOBAL Buffers                                            ; Off                ; Off                             ;
; Ignore ROW GLOBAL Buffers                                        ; Off                ; Off                             ;
; Ignore LCELL Buffers                                             ; Off                ; Off                             ;
; Ignore SOFT Buffers                                              ; On                 ; On                              ;
; Limit AHDL Integers to 32 Bits                                   ; Off                ; Off                             ;
; Optimization Technique                                           ; Balanced           ; Balanced                        ;
; Carry Chain Length                                               ; 70                 ; 70                              ;
; Auto Carry Chains                                                ; On                 ; On                              ;
; Auto Open-Drain Pins                                             ; On                 ; On                              ;
; Perform WYSIWYG Primitive Resynthesis                            ; Off                ; Off                             ;
; Auto ROM Replacement                                             ; On                 ; On                              ;
; Auto RAM Replacement                                             ; On                 ; On                              ;
; Auto DSP Block Replacement                                       ; On                 ; On                              ;
; Auto Shift Register Replacement                                  ; Auto               ; Auto                            ;
; Allow Shift Register Merging across Hierarchies                  ; Auto               ; Auto                            ;
; Auto Clock Enable Replacement                                    ; On                 ; On                              ;
; Strict RAM Replacement                                           ; Off                ; Off                             ;
; Allow Synchronous Control Signals                                ; On                 ; On                              ;
; Force Use of Synchronous Clear Signals                           ; Off                ; Off                             ;
; Auto RAM Block Balancing                                         ; On                 ; On                              ;
; Auto RAM to Logic Cell Conversion                                ; Off                ; Off                             ;
; Auto Resource Sharing                                            ; Off                ; Off                             ;
; Allow Any RAM Size For Recognition                               ; Off                ; Off                             ;
; Allow Any ROM Size For Recognition                               ; Off                ; Off                             ;
; Allow Any Shift Register Size For Recognition                    ; Off                ; Off                             ;
; Use LogicLock Constraints during Resource Balancing              ; On                 ; On                              ;
; Ignore translate_off and synthesis_off directives                ; Off                ; Off                             ;
; Timing-Driven Synthesis                                          ; On                 ; On                              ;
; Report Parameter Settings                                        ; On                 ; On                              ;
; Report Source Assignments                                        ; On                 ; On                              ;
; Report Connectivity Checks                                       ; On                 ; On                              ;
; Ignore Maximum Fan-Out Assignments                               ; Off                ; Off                             ;
; Synchronization Register Chain Length                            ; 2                  ; 2                               ;
; Power Optimization During Synthesis                              ; Normal compilation ; Normal compilation              ;
; HDL message level                                                ; Level2             ; Level2                          ;
; Suppress Register Optimization Related Messages                  ; Off                ; Off                             ;
; Number of Removed Registers Reported in Synthesis Report         ; 5000               ; 5000                            ;
; Number of Swept Nodes Reported in Synthesis Report               ; 5000               ; 5000                            ;
; Number of Inverted Registers Reported in Synthesis Report        ; 100                ; 100                             ;
; Clock MUX Protection                                             ; On                 ; On                              ;
; Auto Gated Clock Conversion                                      ; Off                ; Off                             ;
; Block Design Naming                                              ; Auto               ; Auto                            ;
; SDC constraint protection                                        ; Off                ; Off                             ;
; Synthesis Effort                                                 ; Auto               ; Auto                            ;
; Shift Register Replacement - Allow Asynchronous Clear Signal     ; On                 ; On                              ;
; Pre-Mapping Resynthesis Optimization                             ; Off                ; Off                             ;
; Analysis & Synthesis Message Level                               ; Medium             ; Medium                          ;
; Disable Register Merging Across Hierarchies                      ; Auto               ; Auto                            ;
; Resource Aware Inference For Block RAM                           ; On                 ; On                              ;
+------------------------------------------------------------------+--------------------+---------------------------------+


+------------------------------------------+
; Parallel Compilation                     ;
+----------------------------+-------------+
; Processors                 ; Number      ;
+----------------------------+-------------+
; Number detected on machine ; 8           ;
; Maximum allowed            ; 4           ;
;                            ;             ;
; Average used               ; 1.00        ;
; Maximum used               ; 4           ;
;                            ;             ;
; Usage by Processor         ; % Time Used ;
;     Processor 1            ; 100.0%      ;
;     Processors 2-4         ;   0.0%      ;
+----------------------------+-------------+


+-----------------------------------------------------------------------------------------------------------------------------------------------------------------------------+
; Analysis & Synthesis Source Files Read                                                                                                                                      ;
+-------------------------------------+-----------------+------------------------------+----------------------------------------------------------------------------+---------+
; File Name with User-Entered Path    ; Used in Netlist ; File Type                    ; File Name with Absolute Path                                               ; Library ;
+-------------------------------------+-----------------+------------------------------+----------------------------------------------------------------------------+---------+
; Parkeringshuset_Simen_Fuglestad.vhd ; yes             ; User VHDL File               ; C:/Dev/ele111/Parkeringshuset_SF_EL/Parkeringshuset_Simen_Fuglestad.vhd    ;         ;
; enable_gen.vhd                      ; yes             ; Auto-Found VHDL File         ; C:/Dev/ele111/Parkeringshuset_SF_EL/enable_gen.vhd                         ;         ;
; reset_sync.vhd                      ; yes             ; Auto-Found VHDL File         ; C:/Dev/ele111/Parkeringshuset_SF_EL/reset_sync.vhd                         ;         ;
; antiprell.vhd                       ; yes             ; Auto-Found VHDL File         ; C:/Dev/ele111/Parkeringshuset_SF_EL/antiprell.vhd                          ;         ;
; flanke_detektor.vhd                 ; yes             ; Auto-Found VHDL File         ; C:/Dev/ele111/Parkeringshuset_SF_EL/flanke_detektor.vhd                    ;         ;
; tell_biler.vhd                      ; yes             ; Auto-Found VHDL File         ; C:/Dev/ele111/Parkeringshuset_SF_EL/tell_biler.vhd                         ;         ;
; bin2bcd.vhd                         ; yes             ; Auto-Found VHDL File         ; C:/Dev/ele111/Parkeringshuset_SF_EL/bin2bcd.vhd                            ;         ;
; rom_7_seg.vhd                       ; yes             ; Auto-Found VHDL File         ; C:/Dev/ele111/Parkeringshuset_SF_EL/rom_7_seg.vhd                          ;         ;
; lpm_divide.tdf                      ; yes             ; Megafunction                 ; c:/intelfpga_lite/18.1/quartus/libraries/megafunctions/lpm_divide.tdf      ;         ;
; abs_divider.inc                     ; yes             ; Megafunction                 ; c:/intelfpga_lite/18.1/quartus/libraries/megafunctions/abs_divider.inc     ;         ;
; sign_div_unsign.inc                 ; yes             ; Megafunction                 ; c:/intelfpga_lite/18.1/quartus/libraries/megafunctions/sign_div_unsign.inc ;         ;
; aglobal181.inc                      ; yes             ; Megafunction                 ; c:/intelfpga_lite/18.1/quartus/libraries/megafunctions/aglobal181.inc      ;         ;
; db/lpm_divide_sim.tdf               ; yes             ; Auto-Generated Megafunction  ; C:/Dev/ele111/Parkeringshuset_SF_EL/db/lpm_divide_sim.tdf                  ;         ;
; db/sign_div_unsign_klh.tdf          ; yes             ; Auto-Generated Megafunction  ; C:/Dev/ele111/Parkeringshuset_SF_EL/db/sign_div_unsign_klh.tdf             ;         ;
; db/alt_u_div_s6f.tdf                ; yes             ; Auto-Generated Megafunction  ; C:/Dev/ele111/Parkeringshuset_SF_EL/db/alt_u_div_s6f.tdf                   ;         ;
; db/add_sub_7pc.tdf                  ; yes             ; Auto-Generated Megafunction  ; C:/Dev/ele111/Parkeringshuset_SF_EL/db/add_sub_7pc.tdf                     ;         ;
; db/add_sub_8pc.tdf                  ; yes             ; Auto-Generated Megafunction  ; C:/Dev/ele111/Parkeringshuset_SF_EL/db/add_sub_8pc.tdf                     ;         ;
; db/lpm_divide_mhm.tdf               ; yes             ; Auto-Generated Megafunction  ; C:/Dev/ele111/Parkeringshuset_SF_EL/db/lpm_divide_mhm.tdf                  ;         ;
; db/sign_div_unsign_ekh.tdf          ; yes             ; Auto-Generated Megafunction  ; C:/Dev/ele111/Parkeringshuset_SF_EL/db/sign_div_unsign_ekh.tdf             ;         ;
; db/alt_u_div_g4f.tdf                ; yes             ; Auto-Generated Megafunction  ; C:/Dev/ele111/Parkeringshuset_SF_EL/db/alt_u_div_g4f.tdf                   ;         ;
; lpm_mult.tdf                        ; yes             ; Megafunction                 ; c:/intelfpga_lite/18.1/quartus/libraries/megafunctions/lpm_mult.tdf        ;         ;
; lpm_add_sub.inc                     ; yes             ; Megafunction                 ; c:/intelfpga_lite/18.1/quartus/libraries/megafunctions/lpm_add_sub.inc     ;         ;
; multcore.inc                        ; yes             ; Megafunction                 ; c:/intelfpga_lite/18.1/quartus/libraries/megafunctions/multcore.inc        ;         ;
; bypassff.inc                        ; yes             ; Megafunction                 ; c:/intelfpga_lite/18.1/quartus/libraries/megafunctions/bypassff.inc        ;         ;
; altshift.inc                        ; yes             ; Megafunction                 ; c:/intelfpga_lite/18.1/quartus/libraries/megafunctions/altshift.inc        ;         ;
; multcore.tdf                        ; yes             ; Megafunction                 ; c:/intelfpga_lite/18.1/quartus/libraries/megafunctions/multcore.tdf        ;         ;
; csa_add.inc                         ; yes             ; Megafunction                 ; c:/intelfpga_lite/18.1/quartus/libraries/megafunctions/csa_add.inc         ;         ;
; mpar_add.inc                        ; yes             ; Megafunction                 ; c:/intelfpga_lite/18.1/quartus/libraries/megafunctions/mpar_add.inc        ;         ;
; muleabz.inc                         ; yes             ; Megafunction                 ; c:/intelfpga_lite/18.1/quartus/libraries/megafunctions/muleabz.inc         ;         ;
; mul_lfrg.inc                        ; yes             ; Megafunction                 ; c:/intelfpga_lite/18.1/quartus/libraries/megafunctions/mul_lfrg.inc        ;         ;
; mul_boothc.inc                      ; yes             ; Megafunction                 ; c:/intelfpga_lite/18.1/quartus/libraries/megafunctions/mul_boothc.inc      ;         ;
; alt_ded_mult.inc                    ; yes             ; Megafunction                 ; c:/intelfpga_lite/18.1/quartus/libraries/megafunctions/alt_ded_mult.inc    ;         ;
; alt_ded_mult_y.inc                  ; yes             ; Megafunction                 ; c:/intelfpga_lite/18.1/quartus/libraries/megafunctions/alt_ded_mult_y.inc  ;         ;
; dffpipe.inc                         ; yes             ; Megafunction                 ; c:/intelfpga_lite/18.1/quartus/libraries/megafunctions/dffpipe.inc         ;         ;
; mpar_add.tdf                        ; yes             ; Megafunction                 ; c:/intelfpga_lite/18.1/quartus/libraries/megafunctions/mpar_add.tdf        ;         ;
; altshift.tdf                        ; yes             ; Megafunction                 ; c:/intelfpga_lite/18.1/quartus/libraries/megafunctions/altshift.tdf        ;         ;
+-------------------------------------+-----------------+------------------------------+----------------------------------------------------------------------------+---------+


+--------------------------------------------------------------+
; Analysis & Synthesis Resource Usage Summary                  ;
+---------------------------------------------+----------------+
; Resource                                    ; Usage          ;
+---------------------------------------------+----------------+
; Estimated Total logic elements              ; 216            ;
;                                             ;                ;
; Total combinational functions               ; 209            ;
; Logic element usage by number of LUT inputs ;                ;
;     -- 4 input functions                    ; 45             ;
;     -- 3 input functions                    ; 38             ;
;     -- <=2 input functions                  ; 126            ;
;                                             ;                ;
; Logic elements by mode                      ;                ;
;     -- normal mode                          ; 123            ;
;     -- arithmetic mode                      ; 86             ;
;                                             ;                ;
; Total registers                             ; 60             ;
;     -- Dedicated logic registers            ; 60             ;
;     -- I/O registers                        ; 0              ;
;                                             ;                ;
; I/O pins                                    ; 97             ;
;                                             ;                ;
; Embedded Multiplier 9-bit elements          ; 0              ;
;                                             ;                ;
; Maximum fan-out node                        ; CLOCK_50~input ;
; Maximum fan-out                             ; 60             ;
; Total fan-out                               ; 841            ;
; Average fan-out                             ; 1.82           ;
+---------------------------------------------+----------------+


+-------------------------------------------------------------------------------------------------------------------------------------------------------------------------------------------------------------------------------------------------------------------------------------------------------------------------------------------------+
; Analysis & Synthesis Resource Utilization by Entity                                                                                                                                                                                                                                                                                             ;
+-------------------------------------------+---------------------+---------------------------+-------------+--------------+---------+-----------+------+--------------+-------------------------------------------------------------------------------------------------------------------------------------+---------------------+--------------+
; Compilation Hierarchy Node                ; Combinational ALUTs ; Dedicated Logic Registers ; Memory Bits ; DSP Elements ; DSP 9x9 ; DSP 18x18 ; Pins ; Virtual Pins ; Full Hierarchy Name                                                                                                                 ; Entity Name         ; Library Name ;
+-------------------------------------------+---------------------+---------------------------+-------------+--------------+---------+-----------+------+--------------+-------------------------------------------------------------------------------------------------------------------------------------+---------------------+--------------+
; |parkeringshus                            ; 209 (1)             ; 60 (4)                    ; 0           ; 0            ; 0       ; 0         ; 97   ; 0            ; |parkeringshus                                                                                                                      ; parkeringshus       ; work         ;
;    |Enable_gen:enable_gen_comp|           ; 37 (37)             ; 27 (27)                   ; 0           ; 0            ; 0       ; 0         ; 0    ; 0            ; |parkeringshus|Enable_gen:enable_gen_comp                                                                                           ; Enable_gen          ; work         ;
;    |Flanke_detektor:flanke_detektor_inn|  ; 1 (1)               ; 2 (2)                     ; 0           ; 0            ; 0       ; 0         ; 0    ; 0            ; |parkeringshus|Flanke_detektor:flanke_detektor_inn                                                                                  ; Flanke_detektor     ; work         ;
;    |ROM_7_seg:ROM_7_seg_0|                ; 7 (7)               ; 0 (0)                     ; 0           ; 0            ; 0       ; 0         ; 0    ; 0            ; |parkeringshus|ROM_7_seg:ROM_7_seg_0                                                                                                ; ROM_7_seg           ; work         ;
;    |ROM_7_seg:ROM_7_seg_1|                ; 7 (7)               ; 0 (0)                     ; 0           ; 0            ; 0       ; 0         ; 0    ; 0            ; |parkeringshus|ROM_7_seg:ROM_7_seg_1                                                                                                ; ROM_7_seg           ; work         ;
;    |ROM_7_seg:ROM_7_seg_2|                ; 3 (3)               ; 0 (0)                     ; 0           ; 0            ; 0       ; 0         ; 0    ; 0            ; |parkeringshus|ROM_7_seg:ROM_7_seg_2                                                                                                ; ROM_7_seg           ; work         ;
;    |antiprell:anti_prell_inn|             ; 20 (20)             ; 15 (15)                   ; 0           ; 0            ; 0       ; 0         ; 0    ; 0            ; |parkeringshus|antiprell:anti_prell_inn                                                                                             ; antiprell           ; work         ;
;    |bin2bcd:bin2bcd_comp|                 ; 121 (13)            ; 0 (0)                     ; 0           ; 0            ; 0       ; 0         ; 0    ; 0            ; |parkeringshus|bin2bcd:bin2bcd_comp                                                                                                 ; bin2bcd             ; work         ;
;       |lpm_divide:Div0|                   ; 25 (0)              ; 0 (0)                     ; 0           ; 0            ; 0       ; 0         ; 0    ; 0            ; |parkeringshus|bin2bcd:bin2bcd_comp|lpm_divide:Div0                                                                                 ; lpm_divide          ; work         ;
;          |lpm_divide_mhm:auto_generated|  ; 25 (0)              ; 0 (0)                     ; 0           ; 0            ; 0       ; 0         ; 0    ; 0            ; |parkeringshus|bin2bcd:bin2bcd_comp|lpm_divide:Div0|lpm_divide_mhm:auto_generated                                                   ; lpm_divide_mhm      ; work         ;
;             |sign_div_unsign_ekh:divider| ; 25 (0)              ; 0 (0)                     ; 0           ; 0            ; 0       ; 0         ; 0    ; 0            ; |parkeringshus|bin2bcd:bin2bcd_comp|lpm_divide:Div0|lpm_divide_mhm:auto_generated|sign_div_unsign_ekh:divider                       ; sign_div_unsign_ekh ; work         ;
;                |alt_u_div_g4f:divider|    ; 25 (25)             ; 0 (0)                     ; 0           ; 0            ; 0       ; 0         ; 0    ; 0            ; |parkeringshus|bin2bcd:bin2bcd_comp|lpm_divide:Div0|lpm_divide_mhm:auto_generated|sign_div_unsign_ekh:divider|alt_u_div_g4f:divider ; alt_u_div_g4f       ; work         ;
;       |lpm_divide:Div1|                   ; 81 (0)              ; 0 (0)                     ; 0           ; 0            ; 0       ; 0         ; 0    ; 0            ; |parkeringshus|bin2bcd:bin2bcd_comp|lpm_divide:Div1                                                                                 ; lpm_divide          ; work         ;
;          |lpm_divide_sim:auto_generated|  ; 81 (0)              ; 0 (0)                     ; 0           ; 0            ; 0       ; 0         ; 0    ; 0            ; |parkeringshus|bin2bcd:bin2bcd_comp|lpm_divide:Div1|lpm_divide_sim:auto_generated                                                   ; lpm_divide_sim      ; work         ;
;             |sign_div_unsign_klh:divider| ; 81 (0)              ; 0 (0)                     ; 0           ; 0            ; 0       ; 0         ; 0    ; 0            ; |parkeringshus|bin2bcd:bin2bcd_comp|lpm_divide:Div1|lpm_divide_sim:auto_generated|sign_div_unsign_klh:divider                       ; sign_div_unsign_klh ; work         ;
;                |alt_u_div_s6f:divider|    ; 81 (81)             ; 0 (0)                     ; 0           ; 0            ; 0       ; 0         ; 0    ; 0            ; |parkeringshus|bin2bcd:bin2bcd_comp|lpm_divide:Div1|lpm_divide_sim:auto_generated|sign_div_unsign_klh:divider|alt_u_div_s6f:divider ; alt_u_div_s6f       ; work         ;
;       |lpm_mult:Mult0|                    ; 2 (0)               ; 0 (0)                     ; 0           ; 0            ; 0       ; 0         ; 0    ; 0            ; |parkeringshus|bin2bcd:bin2bcd_comp|lpm_mult:Mult0                                                                                  ; lpm_mult            ; work         ;
;          |multcore:mult_core|             ; 2 (2)               ; 0 (0)                     ; 0           ; 0            ; 0       ; 0         ; 0    ; 0            ; |parkeringshus|bin2bcd:bin2bcd_comp|lpm_mult:Mult0|multcore:mult_core                                                               ; multcore            ; work         ;
;    |reset_sync:reset_sync_comp|           ; 0 (0)               ; 2 (2)                     ; 0           ; 0            ; 0       ; 0         ; 0    ; 0            ; |parkeringshus|reset_sync:reset_sync_comp                                                                                           ; reset_sync          ; work         ;
;    |tell_biler:bill_teller|               ; 12 (12)             ; 10 (10)                   ; 0           ; 0            ; 0       ; 0         ; 0    ; 0            ; |parkeringshus|tell_biler:bill_teller                                                                                               ; tell_biler          ; work         ;
+-------------------------------------------+---------------------+---------------------------+-------------+--------------+---------+-----------+------+--------------+-------------------------------------------------------------------------------------------------------------------------------------+---------------------+--------------+
Note: For table entries with two numbers listed, the numbers in parentheses indicate the number of resources of the given type used by the specific entity alone. The numbers listed outside of parentheses indicate the total resources of the given type used by the specific entity and all of its sub-entities in the hierarchy.


Encoding Type:  One-Hot
+------------------------------------------------------------------------------------------------------------------------+
; State Machine - |parkeringshus|antiprell:anti_prell_ut|tilstand                                                        ;
+-----------------------+-------------------+-----------------------+-------------------+---------------+----------------+
; Name                  ; tilstand.til_null ; tilstand.ligger_hoegt ; tilstand.funnet_1 ; tilstand.vent ; tilstand.start ;
+-----------------------+-------------------+-----------------------+-------------------+---------------+----------------+
; tilstand.start        ; 0                 ; 0                     ; 0                 ; 0             ; 0              ;
; tilstand.vent         ; 0                 ; 0                     ; 0                 ; 1             ; 1              ;
; tilstand.funnet_1     ; 0                 ; 0                     ; 1                 ; 0             ; 1              ;
; tilstand.ligger_hoegt ; 0                 ; 1                     ; 0                 ; 0             ; 1              ;
; tilstand.til_null     ; 1                 ; 0                     ; 0                 ; 0             ; 1              ;
+-----------------------+-------------------+-----------------------+-------------------+---------------+----------------+


Encoding Type:  One-Hot
+------------------------------------------------------------------------------------------------------------------------+
; State Machine - |parkeringshus|antiprell:anti_prell_inn|tilstand                                                       ;
+-----------------------+-------------------+-----------------------+-------------------+---------------+----------------+
; Name                  ; tilstand.til_null ; tilstand.ligger_hoegt ; tilstand.funnet_1 ; tilstand.vent ; tilstand.start ;
+-----------------------+-------------------+-----------------------+-------------------+---------------+----------------+
; tilstand.start        ; 0                 ; 0                     ; 0                 ; 0             ; 0              ;
; tilstand.vent         ; 0                 ; 0                     ; 0                 ; 1             ; 1              ;
; tilstand.funnet_1     ; 0                 ; 0                     ; 1                 ; 0             ; 1              ;
; tilstand.ligger_hoegt ; 0                 ; 1                     ; 0                 ; 0             ; 1              ;
; tilstand.til_null     ; 1                 ; 0                     ; 0                 ; 0             ; 1              ;
+-----------------------+-------------------+-----------------------+-------------------+---------------+----------------+


+----------------------------------------------------------------------------------------+
; Registers Removed During Synthesis                                                     ;
+-----------------------------------------------+----------------------------------------+
; Register name                                 ; Reason for Removal                     ;
+-----------------------------------------------+----------------------------------------+
; synched_sensor_ut                             ; Stuck at GND due to stuck port data_in ;
; antiprell:anti_prell_ut|tilstand.start        ; Lost fanout                            ;
; antiprell:anti_prell_ut|tilstand.vent         ; Lost fanout                            ;
; antiprell:anti_prell_ut|tilstand.funnet_1     ; Lost fanout                            ;
; antiprell:anti_prell_ut|tilstand.ligger_hoegt ; Lost fanout                            ;
; antiprell:anti_prell_ut|tilstand.til_null     ; Stuck at GND due to stuck port data_in ;
; Flanke_detektor:flanke_detektor_ut|input_Q    ; Stuck at GND due to stuck port data_in ;
; antiprell:anti_prell_ut|teller[0..9]          ; Stuck at GND due to stuck port data_in ;
; Flanke_detektor:flanke_detektor_ut|sig_inn_ne ; Stuck at GND due to stuck port data_in ;
; tell_biler:bill_teller|input_Q_ut             ; Stuck at GND due to stuck port data_in ;
; tell_biler:bill_teller|tell_ned               ; Stuck at GND due to stuck port data_in ;
; Total Number of Removed Registers = 20        ;                                        ;
+-----------------------------------------------+----------------------------------------+


+-----------------------------------------------------------------------------------------------------------------------------------------------------------+
; Removed Registers Triggering Further Register Optimizations                                                                                               ;
+-------------------------------------------+---------------------------+-----------------------------------------------------------------------------------+
; Register name                             ; Reason for Removal        ; Registers Removed due to This Register                                            ;
+-------------------------------------------+---------------------------+-----------------------------------------------------------------------------------+
; antiprell:anti_prell_ut|tilstand.til_null ; Stuck at GND              ; Flanke_detektor:flanke_detektor_ut|input_Q, antiprell:anti_prell_ut|teller[5],    ;
;                                           ; due to stuck port data_in ; antiprell:anti_prell_ut|teller[4], antiprell:anti_prell_ut|teller[3],             ;
;                                           ;                           ; antiprell:anti_prell_ut|teller[2], antiprell:anti_prell_ut|teller[1],             ;
;                                           ;                           ; antiprell:anti_prell_ut|teller[0], Flanke_detektor:flanke_detektor_ut|sig_inn_ne, ;
;                                           ;                           ; tell_biler:bill_teller|tell_ned                                                   ;
+-------------------------------------------+---------------------------+-----------------------------------------------------------------------------------+


+------------------------------------------------------+
; General Register Statistics                          ;
+----------------------------------------------+-------+
; Statistic                                    ; Value ;
+----------------------------------------------+-------+
; Total registers                              ; 60    ;
; Number of registers using Synchronous Clear  ; 40    ;
; Number of registers using Synchronous Load   ; 0     ;
; Number of registers using Asynchronous Clear ; 14    ;
; Number of registers using Asynchronous Load  ; 0     ;
; Number of registers using Clock Enable       ; 19    ;
; Number of registers using Preset             ; 0     ;
+----------------------------------------------+-------+


+-------------------------------------------------------------------------------------------------------------------------------------------------------------------+
; Multiplexer Restructuring Statistics (Restructuring Performed)                                                                                                    ;
+--------------------+-----------+---------------+----------------------+------------------------+------------+-----------------------------------------------------+
; Multiplexer Inputs ; Bus Width ; Baseline Area ; Area if Restructured ; Saving if Restructured ; Registered ; Example Multiplexer Output                          ;
+--------------------+-----------+---------------+----------------------+------------------------+------------+-----------------------------------------------------+
; 3:1                ; 26 bits   ; 52 LEs        ; 26 LEs               ; 26 LEs                 ; Yes        ; |parkeringshus|Enable_gen:enable_gen_comp|teller[3] ;
+--------------------+-----------+---------------+----------------------+------------------------+------------+-----------------------------------------------------+


+---------------------------------------------------------------------------------------+
; Parameter Settings for Inferred Entity Instance: bin2bcd:bin2bcd_comp|lpm_divide:Div1 ;
+------------------------+----------------+---------------------------------------------+
; Parameter Name         ; Value          ; Type                                        ;
+------------------------+----------------+---------------------------------------------+
; LPM_WIDTHN             ; 10             ; Untyped                                     ;
; LPM_WIDTHD             ; 4              ; Untyped                                     ;
; LPM_NREPRESENTATION    ; UNSIGNED       ; Untyped                                     ;
; LPM_DREPRESENTATION    ; UNSIGNED       ; Untyped                                     ;
; LPM_PIPELINE           ; 0              ; Untyped                                     ;
; LPM_REMAINDERPOSITIVE  ; TRUE           ; Untyped                                     ;
; MAXIMIZE_SPEED         ; 5              ; Untyped                                     ;
; CBXI_PARAMETER         ; lpm_divide_sim ; Untyped                                     ;
; CARRY_CHAIN            ; MANUAL         ; Untyped                                     ;
; OPTIMIZE_FOR_SPEED     ; 5              ; Untyped                                     ;
; AUTO_CARRY_CHAINS      ; ON             ; AUTO_CARRY                                  ;
; IGNORE_CARRY_BUFFERS   ; OFF            ; IGNORE_CARRY                                ;
; AUTO_CASCADE_CHAINS    ; ON             ; AUTO_CASCADE                                ;
; IGNORE_CASCADE_BUFFERS ; OFF            ; IGNORE_CASCADE                              ;
+------------------------+----------------+---------------------------------------------+
Note: In order to hide this table in the UI and the text report file, please set the "Show Parameter Settings in Synthesis Report" option in "Analysis and Synthesis Settings -> More Settings" to "Off".


+---------------------------------------------------------------------------------------+
; Parameter Settings for Inferred Entity Instance: bin2bcd:bin2bcd_comp|lpm_divide:Div0 ;
+------------------------+----------------+---------------------------------------------+
; Parameter Name         ; Value          ; Type                                        ;
+------------------------+----------------+---------------------------------------------+
; LPM_WIDTHN             ; 8              ; Untyped                                     ;
; LPM_WIDTHD             ; 7              ; Untyped                                     ;
; LPM_NREPRESENTATION    ; UNSIGNED       ; Untyped                                     ;
; LPM_DREPRESENTATION    ; UNSIGNED       ; Untyped                                     ;
; LPM_PIPELINE           ; 0              ; Untyped                                     ;
; LPM_REMAINDERPOSITIVE  ; TRUE           ; Untyped                                     ;
; MAXIMIZE_SPEED         ; 5              ; Untyped                                     ;
; CBXI_PARAMETER         ; lpm_divide_mhm ; Untyped                                     ;
; CARRY_CHAIN            ; MANUAL         ; Untyped                                     ;
; OPTIMIZE_FOR_SPEED     ; 5              ; Untyped                                     ;
; AUTO_CARRY_CHAINS      ; ON             ; AUTO_CARRY                                  ;
; IGNORE_CARRY_BUFFERS   ; OFF            ; IGNORE_CARRY                                ;
; AUTO_CASCADE_CHAINS    ; ON             ; AUTO_CASCADE                                ;
; IGNORE_CASCADE_BUFFERS ; OFF            ; IGNORE_CASCADE                              ;
+------------------------+----------------+---------------------------------------------+
Note: In order to hide this table in the UI and the text report file, please set the "Show Parameter Settings in Synthesis Report" option in "Analysis and Synthesis Settings -> More Settings" to "Off".


+--------------------------------------------------------------------------------------+
; Parameter Settings for Inferred Entity Instance: bin2bcd:bin2bcd_comp|lpm_mult:Mult0 ;
+------------------------------------------------+--------------+----------------------+
; Parameter Name                                 ; Value        ; Type                 ;
+------------------------------------------------+--------------+----------------------+
; AUTO_CARRY_CHAINS                              ; ON           ; AUTO_CARRY           ;
; IGNORE_CARRY_BUFFERS                           ; OFF          ; IGNORE_CARRY         ;
; AUTO_CASCADE_CHAINS                            ; ON           ; AUTO_CASCADE         ;
; IGNORE_CASCADE_BUFFERS                         ; OFF          ; IGNORE_CASCADE       ;
; LPM_WIDTHA                                     ; 4            ; Untyped              ;
; LPM_WIDTHB                                     ; 7            ; Untyped              ;
; LPM_WIDTHP                                     ; 11           ; Untyped              ;
; LPM_WIDTHR                                     ; 11           ; Untyped              ;
; LPM_WIDTHS                                     ; 1            ; Untyped              ;
; LPM_REPRESENTATION                             ; UNSIGNED     ; Untyped              ;
; LPM_PIPELINE                                   ; 0            ; Untyped              ;
; LATENCY                                        ; 0            ; Untyped              ;
; INPUT_A_IS_CONSTANT                            ; NO           ; Untyped              ;
; INPUT_B_IS_CONSTANT                            ; YES          ; Untyped              ;
; USE_EAB                                        ; OFF          ; Untyped              ;
; MAXIMIZE_SPEED                                 ; 5            ; Untyped              ;
; DEVICE_FAMILY                                  ; Cyclone IV E ; Untyped              ;
; CARRY_CHAIN                                    ; MANUAL       ; Untyped              ;
; APEX20K_TECHNOLOGY_MAPPER                      ; LUT          ; TECH_MAPPER_APEX20K  ;
; DEDICATED_MULTIPLIER_CIRCUITRY                 ; AUTO         ; Untyped              ;
; DEDICATED_MULTIPLIER_MIN_INPUT_WIDTH_FOR_AUTO  ; 0            ; Untyped              ;
; DEDICATED_MULTIPLIER_MIN_OUTPUT_WIDTH_FOR_AUTO ; 0            ; Untyped              ;
; CBXI_PARAMETER                                 ; NOTHING      ; Untyped              ;
; INPUT_A_FIXED_VALUE                            ; Bx           ; Untyped              ;
; INPUT_B_FIXED_VALUE                            ; Bx           ; Untyped              ;
; USE_AHDL_IMPLEMENTATION                        ; OFF          ; Untyped              ;
+------------------------------------------------+--------------+----------------------+
Note: In order to hide this table in the UI and the text report file, please set the "Show Parameter Settings in Synthesis Report" option in "Analysis and Synthesis Settings -> More Settings" to "Off".


+-----------------------------------------------------------------------------+
; lpm_mult Parameter Settings by Entity Instance                              ;
+---------------------------------------+-------------------------------------+
; Name                                  ; Value                               ;
+---------------------------------------+-------------------------------------+
; Number of entity instances            ; 1                                   ;
; Entity Instance                       ; bin2bcd:bin2bcd_comp|lpm_mult:Mult0 ;
;     -- LPM_WIDTHA                     ; 4                                   ;
;     -- LPM_WIDTHB                     ; 7                                   ;
;     -- LPM_WIDTHP                     ; 11                                  ;
;     -- LPM_REPRESENTATION             ; UNSIGNED                            ;
;     -- INPUT_A_IS_CONSTANT            ; NO                                  ;
;     -- INPUT_B_IS_CONSTANT            ; YES                                 ;
;     -- USE_EAB                        ; OFF                                 ;
;     -- DEDICATED_MULTIPLIER_CIRCUITRY ; AUTO                                ;
;     -- INPUT_A_FIXED_VALUE            ; Bx                                  ;
;     -- INPUT_B_FIXED_VALUE            ; Bx                                  ;
+---------------------------------------+-------------------------------------+


+--------------------------------------------------------+
; Port Connectivity Checks: "Enable_gen:enable_gen_comp" ;
+-------------------+-------+----------+-----------------+
; Port              ; Type  ; Severity ; Details         ;
+-------------------+-------+----------+-----------------+
; velg_enable[2..1] ; Input ; Info     ; Stuck at GND    ;
; velg_enable[0]    ; Input ; Info     ; Stuck at VCC    ;
+-------------------+-------+----------+-----------------+


+-----------------------------------------------------+
; Post-Synthesis Netlist Statistics for Top Partition ;
+-----------------------+-----------------------------+
; Type                  ; Count                       ;
+-----------------------+-----------------------------+
; boundary_port         ; 97                          ;
; cycloneiii_ff         ; 60                          ;
;     CLR               ; 6                           ;
;     ENA               ; 1                           ;
;     ENA CLR           ; 8                           ;
;     ENA SCLR          ; 10                          ;
;     SCLR              ; 30                          ;
;     plain             ; 5                           ;
; cycloneiii_lcell_comb ; 213                         ;
;     arith             ; 86                          ;
;         2 data inputs ; 51                          ;
;         3 data inputs ; 35                          ;
;     normal            ; 127                         ;
;         0 data inputs ; 11                          ;
;         1 data inputs ; 6                           ;
;         2 data inputs ; 62                          ;
;         3 data inputs ; 3                           ;
;         4 data inputs ; 45                          ;
;                       ;                             ;
; Max LUT depth         ; 25.90                       ;
; Average LUT depth     ; 13.96                       ;
+-----------------------+-----------------------------+


+-------------------------------+
; Elapsed Time Per Partition    ;
+----------------+--------------+
; Partition Name ; Elapsed Time ;
+----------------+--------------+
; Top            ; 00:00:01     ;
+----------------+--------------+


+-------------------------------+
; Analysis & Synthesis Messages ;
+-------------------------------+
Info: *******************************************************************
Info: Running Quartus Prime Analysis & Synthesis
    Info: Version 18.1.0 Build 625 09/12/2018 SJ Lite Edition
    Info: Processing started: Mon Oct 21 09:34:56 2019
Info: Command: quartus_map --read_settings_files=on --write_settings_files=off Parkeringshuset_Simen_Fuglestad -c Parkeringshuset_Simen_Fuglestad
Warning (18236): Number of processors has not been specified which may cause overloading on shared machines.  Set the global assignment NUM_PARALLEL_PROCESSORS in your QSF to an appropriate value for best performance.
Info (20030): Parallel compilation is enabled and will use 4 of the 4 processors detected
Info (12021): Found 2 design units, including 1 entities, in source file parkeringshuset_simen_fuglestad.vhd
    Info (12022): Found design unit 1: parkeringshus-RTL File: C:/Dev/ele111/Parkeringshuset_SF_EL/Parkeringshuset_Simen_Fuglestad.vhd Line: 22
    Info (12023): Found entity 1: parkeringshus File: C:/Dev/ele111/Parkeringshuset_SF_EL/Parkeringshuset_Simen_Fuglestad.vhd Line: 5
Info (12127): Elaborating entity "parkeringshus" for the top level hierarchy
Warning (10541): VHDL Signal Declaration warning at Parkeringshuset_Simen_Fuglestad.vhd(11): used implicit default value for signal "HEX3" because signal was never assigned a value or an explicit default value. Use of implicit default value may introduce unintended design optimizations. File: C:/Dev/ele111/Parkeringshuset_SF_EL/Parkeringshuset_Simen_Fuglestad.vhd Line: 11
Warning (10541): VHDL Signal Declaration warning at Parkeringshuset_Simen_Fuglestad.vhd(11): used implicit default value for signal "HEX4" because signal was never assigned a value or an explicit default value. Use of implicit default value may introduce unintended design optimizations. File: C:/Dev/ele111/Parkeringshuset_SF_EL/Parkeringshuset_Simen_Fuglestad.vhd Line: 11
Warning (10541): VHDL Signal Declaration warning at Parkeringshuset_Simen_Fuglestad.vhd(11): used implicit default value for signal "HEX5" because signal was never assigned a value or an explicit default value. Use of implicit default value may introduce unintended design optimizations. File: C:/Dev/ele111/Parkeringshuset_SF_EL/Parkeringshuset_Simen_Fuglestad.vhd Line: 11
Warning (10541): VHDL Signal Declaration warning at Parkeringshuset_Simen_Fuglestad.vhd(11): used implicit default value for signal "HEX6" because signal was never assigned a value or an explicit default value. Use of implicit default value may introduce unintended design optimizations. File: C:/Dev/ele111/Parkeringshuset_SF_EL/Parkeringshuset_Simen_Fuglestad.vhd Line: 11
Warning (10541): VHDL Signal Declaration warning at Parkeringshuset_Simen_Fuglestad.vhd(11): used implicit default value for signal "HEX7" because signal was never assigned a value or an explicit default value. Use of implicit default value may introduce unintended design optimizations. File: C:/Dev/ele111/Parkeringshuset_SF_EL/Parkeringshuset_Simen_Fuglestad.vhd Line: 11
Warning (10036): Verilog HDL or VHDL warning at Parkeringshuset_Simen_Fuglestad.vhd(28): object "input_Q_ut" assigned a value but never read File: C:/Dev/ele111/Parkeringshuset_SF_EL/Parkeringshuset_Simen_Fuglestad.vhd Line: 28
Warning (10873): Using initial value X (don't care) for net "LEDR[16..8]" at Parkeringshuset_Simen_Fuglestad.vhd(9) File: C:/Dev/ele111/Parkeringshuset_SF_EL/Parkeringshuset_Simen_Fuglestad.vhd Line: 9
Warning (10873): Using initial value X (don't care) for net "input_QQ_ut" at Parkeringshuset_Simen_Fuglestad.vhd(29) File: C:/Dev/ele111/Parkeringshuset_SF_EL/Parkeringshuset_Simen_Fuglestad.vhd Line: 29
Warning (12125): Using design file enable_gen.vhd, which is not specified as a design file for the current project, but contains definitions for 2 design units and 1 entities in project
    Info (12022): Found design unit 1: Enable_gen-rtl File: C:/Dev/ele111/Parkeringshuset_SF_EL/enable_gen.vhd Line: 13
    Info (12023): Found entity 1: Enable_gen File: C:/Dev/ele111/Parkeringshuset_SF_EL/enable_gen.vhd Line: 5
Info (12128): Elaborating entity "Enable_gen" for hierarchy "Enable_gen:enable_gen_comp" File: C:/Dev/ele111/Parkeringshuset_SF_EL/Parkeringshuset_Simen_Fuglestad.vhd Line: 102
Warning (12125): Using design file reset_sync.vhd, which is not specified as a design file for the current project, but contains definitions for 2 design units and 1 entities in project
    Info (12022): Found design unit 1: reset_sync-rtl File: C:/Dev/ele111/Parkeringshuset_SF_EL/reset_sync.vhd Line: 13
    Info (12023): Found entity 1: reset_sync File: C:/Dev/ele111/Parkeringshuset_SF_EL/reset_sync.vhd Line: 5
Info (12128): Elaborating entity "reset_sync" for hierarchy "reset_sync:reset_sync_comp" File: C:/Dev/ele111/Parkeringshuset_SF_EL/Parkeringshuset_Simen_Fuglestad.vhd Line: 110
Warning (12125): Using design file antiprell.vhd, which is not specified as a design file for the current project, but contains definitions for 2 design units and 1 entities in project
    Info (12022): Found design unit 1: antiprell-RTL File: C:/Dev/ele111/Parkeringshuset_SF_EL/antiprell.vhd Line: 14
    Info (12023): Found entity 1: antiprell File: C:/Dev/ele111/Parkeringshuset_SF_EL/antiprell.vhd Line: 5
Info (12128): Elaborating entity "antiprell" for hierarchy "antiprell:anti_prell_inn" File: C:/Dev/ele111/Parkeringshuset_SF_EL/Parkeringshuset_Simen_Fuglestad.vhd Line: 117
Warning (12125): Using design file flanke_detektor.vhd, which is not specified as a design file for the current project, but contains definitions for 2 design units and 1 entities in project
    Info (12022): Found design unit 1: Flanke_detektor-RTL File: C:/Dev/ele111/Parkeringshuset_SF_EL/flanke_detektor.vhd Line: 14
    Info (12023): Found entity 1: Flanke_detektor File: C:/Dev/ele111/Parkeringshuset_SF_EL/flanke_detektor.vhd Line: 5
Info (12128): Elaborating entity "Flanke_detektor" for hierarchy "Flanke_detektor:flanke_detektor_inn" File: C:/Dev/ele111/Parkeringshuset_SF_EL/Parkeringshuset_Simen_Fuglestad.vhd Line: 134
Warning (10492): VHDL Process Statement warning at flanke_detektor.vhd(19): signal "reset_clk" is read inside the Process Statement but isn't in the Process Statement's sensitivity list File: C:/Dev/ele111/Parkeringshuset_SF_EL/flanke_detektor.vhd Line: 19
Warning (12125): Using design file tell_biler.vhd, which is not specified as a design file for the current project, but contains definitions for 2 design units and 1 entities in project
    Info (12022): Found design unit 1: tell_biler-rtl File: C:/Dev/ele111/Parkeringshuset_SF_EL/tell_biler.vhd Line: 15
    Info (12023): Found entity 1: tell_biler File: C:/Dev/ele111/Parkeringshuset_SF_EL/tell_biler.vhd Line: 5
Info (12128): Elaborating entity "tell_biler" for hierarchy "tell_biler:bill_teller" File: C:/Dev/ele111/Parkeringshuset_SF_EL/Parkeringshuset_Simen_Fuglestad.vhd Line: 150
Warning (10492): VHDL Process Statement warning at tell_biler.vhd(28): signal "reset_clk" is read inside the Process Statement but isn't in the Process Statement's sensitivity list File: C:/Dev/ele111/Parkeringshuset_SF_EL/tell_biler.vhd Line: 28
Warning (12125): Using design file bin2bcd.vhd, which is not specified as a design file for the current project, but contains definitions for 2 design units and 1 entities in project
    Info (12022): Found design unit 1: bin2bcd-rtl File: C:/Dev/ele111/Parkeringshuset_SF_EL/bin2bcd.vhd Line: 12
    Info (12023): Found entity 1: bin2bcd File: C:/Dev/ele111/Parkeringshuset_SF_EL/bin2bcd.vhd Line: 5
Info (12128): Elaborating entity "bin2bcd" for hierarchy "bin2bcd:bin2bcd_comp" File: C:/Dev/ele111/Parkeringshuset_SF_EL/Parkeringshuset_Simen_Fuglestad.vhd Line: 159
Warning (12125): Using design file rom_7_seg.vhd, which is not specified as a design file for the current project, but contains definitions for 2 design units and 1 entities in project
    Info (12022): Found design unit 1: ROM_7_seg-behavior File: C:/Dev/ele111/Parkeringshuset_SF_EL/rom_7_seg.vhd Line: 10
    Info (12023): Found entity 1: ROM_7_seg File: C:/Dev/ele111/Parkeringshuset_SF_EL/rom_7_seg.vhd Line: 4
Info (12128): Elaborating entity "ROM_7_seg" for hierarchy "ROM_7_seg:ROM_7_seg_0" File: C:/Dev/ele111/Parkeringshuset_SF_EL/Parkeringshuset_Simen_Fuglestad.vhd Line: 165
Info (278001): Inferred 3 megafunctions from design logic
    Info (278004): Inferred divider/modulo megafunction ("lpm_divide") from the following logic: "bin2bcd:bin2bcd_comp|Div1" File: C:/Dev/ele111/Parkeringshuset_SF_EL/bin2bcd.vhd Line: 26
    Info (278004): Inferred divider/modulo megafunction ("lpm_divide") from the following logic: "bin2bcd:bin2bcd_comp|Div0" File: C:/Dev/ele111/Parkeringshuset_SF_EL/bin2bcd.vhd Line: 24
    Info (278003): Inferred multiplier megafunction ("lpm_mult") from the following logic: "bin2bcd:bin2bcd_comp|Mult0" File: C:/Dev/ele111/Parkeringshuset_SF_EL/bin2bcd.vhd Line: 25
Info (12130): Elaborated megafunction instantiation "bin2bcd:bin2bcd_comp|lpm_divide:Div1" File: C:/Dev/ele111/Parkeringshuset_SF_EL/bin2bcd.vhd Line: 26
Info (12133): Instantiated megafunction "bin2bcd:bin2bcd_comp|lpm_divide:Div1" with the following parameter: File: C:/Dev/ele111/Parkeringshuset_SF_EL/bin2bcd.vhd Line: 26
    Info (12134): Parameter "LPM_WIDTHN" = "10"
    Info (12134): Parameter "LPM_WIDTHD" = "4"
    Info (12134): Parameter "LPM_NREPRESENTATION" = "UNSIGNED"
    Info (12134): Parameter "LPM_DREPRESENTATION" = "UNSIGNED"
Info (12021): Found 1 design units, including 1 entities, in source file db/lpm_divide_sim.tdf
    Info (12023): Found entity 1: lpm_divide_sim File: C:/Dev/ele111/Parkeringshuset_SF_EL/db/lpm_divide_sim.tdf Line: 24
Info (12021): Found 1 design units, including 1 entities, in source file db/sign_div_unsign_klh.tdf
    Info (12023): Found entity 1: sign_div_unsign_klh File: C:/Dev/ele111/Parkeringshuset_SF_EL/db/sign_div_unsign_klh.tdf Line: 24
Info (12021): Found 1 design units, including 1 entities, in source file db/alt_u_div_s6f.tdf
    Info (12023): Found entity 1: alt_u_div_s6f File: C:/Dev/ele111/Parkeringshuset_SF_EL/db/alt_u_div_s6f.tdf Line: 26
Info (12021): Found 1 design units, including 1 entities, in source file db/add_sub_7pc.tdf
    Info (12023): Found entity 1: add_sub_7pc File: C:/Dev/ele111/Parkeringshuset_SF_EL/db/add_sub_7pc.tdf Line: 22
Info (12021): Found 1 design units, including 1 entities, in source file db/add_sub_8pc.tdf
    Info (12023): Found entity 1: add_sub_8pc File: C:/Dev/ele111/Parkeringshuset_SF_EL/db/add_sub_8pc.tdf Line: 22
Info (12130): Elaborated megafunction instantiation "bin2bcd:bin2bcd_comp|lpm_divide:Div0" File: C:/Dev/ele111/Parkeringshuset_SF_EL/bin2bcd.vhd Line: 24
Info (12133): Instantiated megafunction "bin2bcd:bin2bcd_comp|lpm_divide:Div0" with the following parameter: File: C:/Dev/ele111/Parkeringshuset_SF_EL/bin2bcd.vhd Line: 24
    Info (12134): Parameter "LPM_WIDTHN" = "8"
    Info (12134): Parameter "LPM_WIDTHD" = "7"
    Info (12134): Parameter "LPM_NREPRESENTATION" = "UNSIGNED"
    Info (12134): Parameter "LPM_DREPRESENTATION" = "UNSIGNED"
Info (12021): Found 1 design units, including 1 entities, in source file db/lpm_divide_mhm.tdf
    Info (12023): Found entity 1: lpm_divide_mhm File: C:/Dev/ele111/Parkeringshuset_SF_EL/db/lpm_divide_mhm.tdf Line: 24
Info (12021): Found 1 design units, including 1 entities, in source file db/sign_div_unsign_ekh.tdf
    Info (12023): Found entity 1: sign_div_unsign_ekh File: C:/Dev/ele111/Parkeringshuset_SF_EL/db/sign_div_unsign_ekh.tdf Line: 24
Info (12021): Found 1 design units, including 1 entities, in source file db/alt_u_div_g4f.tdf
    Info (12023): Found entity 1: alt_u_div_g4f File: C:/Dev/ele111/Parkeringshuset_SF_EL/db/alt_u_div_g4f.tdf Line: 26
Info (12130): Elaborated megafunction instantiation "bin2bcd:bin2bcd_comp|lpm_mult:Mult0" File: C:/Dev/ele111/Parkeringshuset_SF_EL/bin2bcd.vhd Line: 25
Info (12133): Instantiated megafunction "bin2bcd:bin2bcd_comp|lpm_mult:Mult0" with the following parameter: File: C:/Dev/ele111/Parkeringshuset_SF_EL/bin2bcd.vhd Line: 25
    Info (12134): Parameter "LPM_WIDTHA" = "4"
    Info (12134): Parameter "LPM_WIDTHB" = "7"
    Info (12134): Parameter "LPM_WIDTHP" = "11"
    Info (12134): Parameter "LPM_WIDTHR" = "11"
    Info (12134): Parameter "LPM_WIDTHS" = "1"
    Info (12134): Parameter "LPM_REPRESENTATION" = "UNSIGNED"
    Info (12134): Parameter "INPUT_A_IS_CONSTANT" = "NO"
    Info (12134): Parameter "INPUT_B_IS_CONSTANT" = "YES"
    Info (12134): Parameter "MAXIMIZE_SPEED" = "5"
Info (12131): Elaborated megafunction instantiation "bin2bcd:bin2bcd_comp|lpm_mult:Mult0|multcore:mult_core", which is child of megafunction instantiation "bin2bcd:bin2bcd_comp|lpm_mult:Mult0" File: c:/intelfpga_lite/18.1/quartus/libraries/megafunctions/lpm_mult.tdf Line: 308
Info (12131): Elaborated megafunction instantiation "bin2bcd:bin2bcd_comp|lpm_mult:Mult0|multcore:mult_core|mpar_add:padder", which is child of megafunction instantiation "bin2bcd:bin2bcd_comp|lpm_mult:Mult0" File: c:/intelfpga_lite/18.1/quartus/libraries/megafunctions/multcore.tdf Line: 228
Info (12131): Elaborated megafunction instantiation "bin2bcd:bin2bcd_comp|lpm_mult:Mult0|altshift:external_latency_ffs", which is child of megafunction instantiation "bin2bcd:bin2bcd_comp|lpm_mult:Mult0" File: c:/intelfpga_lite/18.1/quartus/libraries/megafunctions/lpm_mult.tdf Line: 351
Warning (13024): Output pins are stuck at VCC or GND
    Warning (13410): Pin "LEDR[8]" is stuck at GND File: C:/Dev/ele111/Parkeringshuset_SF_EL/Parkeringshuset_Simen_Fuglestad.vhd Line: 9
    Warning (13410): Pin "LEDR[9]" is stuck at GND File: C:/Dev/ele111/Parkeringshuset_SF_EL/Parkeringshuset_Simen_Fuglestad.vhd Line: 9
    Warning (13410): Pin "LEDR[10]" is stuck at GND File: C:/Dev/ele111/Parkeringshuset_SF_EL/Parkeringshuset_Simen_Fuglestad.vhd Line: 9
    Warning (13410): Pin "LEDR[11]" is stuck at GND File: C:/Dev/ele111/Parkeringshuset_SF_EL/Parkeringshuset_Simen_Fuglestad.vhd Line: 9
    Warning (13410): Pin "LEDR[12]" is stuck at GND File: C:/Dev/ele111/Parkeringshuset_SF_EL/Parkeringshuset_Simen_Fuglestad.vhd Line: 9
    Warning (13410): Pin "LEDR[13]" is stuck at GND File: C:/Dev/ele111/Parkeringshuset_SF_EL/Parkeringshuset_Simen_Fuglestad.vhd Line: 9
    Warning (13410): Pin "LEDR[14]" is stuck at GND File: C:/Dev/ele111/Parkeringshuset_SF_EL/Parkeringshuset_Simen_Fuglestad.vhd Line: 9
    Warning (13410): Pin "LEDR[15]" is stuck at GND File: C:/Dev/ele111/Parkeringshuset_SF_EL/Parkeringshuset_Simen_Fuglestad.vhd Line: 9
    Warning (13410): Pin "LEDR[16]" is stuck at GND File: C:/Dev/ele111/Parkeringshuset_SF_EL/Parkeringshuset_Simen_Fuglestad.vhd Line: 9
    Warning (13410): Pin "HEX2[1]" is stuck at GND File: C:/Dev/ele111/Parkeringshuset_SF_EL/Parkeringshuset_Simen_Fuglestad.vhd Line: 13
    Warning (13410): Pin "HEX3[0]" is stuck at GND File: C:/Dev/ele111/Parkeringshuset_SF_EL/Parkeringshuset_Simen_Fuglestad.vhd Line: 14
    Warning (13410): Pin "HEX3[1]" is stuck at GND File: C:/Dev/ele111/Parkeringshuset_SF_EL/Parkeringshuset_Simen_Fuglestad.vhd Line: 14
    Warning (13410): Pin "HEX3[2]" is stuck at GND File: C:/Dev/ele111/Parkeringshuset_SF_EL/Parkeringshuset_Simen_Fuglestad.vhd Line: 14
    Warning (13410): Pin "HEX3[3]" is stuck at GND File: C:/Dev/ele111/Parkeringshuset_SF_EL/Parkeringshuset_Simen_Fuglestad.vhd Line: 14
    Warning (13410): Pin "HEX3[4]" is stuck at GND File: C:/Dev/ele111/Parkeringshuset_SF_EL/Parkeringshuset_Simen_Fuglestad.vhd Line: 14
    Warning (13410): Pin "HEX3[5]" is stuck at GND File: C:/Dev/ele111/Parkeringshuset_SF_EL/Parkeringshuset_Simen_Fuglestad.vhd Line: 14
    Warning (13410): Pin "HEX3[6]" is stuck at GND File: C:/Dev/ele111/Parkeringshuset_SF_EL/Parkeringshuset_Simen_Fuglestad.vhd Line: 14
    Warning (13410): Pin "HEX4[0]" is stuck at GND File: C:/Dev/ele111/Parkeringshuset_SF_EL/Parkeringshuset_Simen_Fuglestad.vhd Line: 15
    Warning (13410): Pin "HEX4[1]" is stuck at GND File: C:/Dev/ele111/Parkeringshuset_SF_EL/Parkeringshuset_Simen_Fuglestad.vhd Line: 15
    Warning (13410): Pin "HEX4[2]" is stuck at GND File: C:/Dev/ele111/Parkeringshuset_SF_EL/Parkeringshuset_Simen_Fuglestad.vhd Line: 15
    Warning (13410): Pin "HEX4[3]" is stuck at GND File: C:/Dev/ele111/Parkeringshuset_SF_EL/Parkeringshuset_Simen_Fuglestad.vhd Line: 15
    Warning (13410): Pin "HEX4[4]" is stuck at GND File: C:/Dev/ele111/Parkeringshuset_SF_EL/Parkeringshuset_Simen_Fuglestad.vhd Line: 15
    Warning (13410): Pin "HEX4[5]" is stuck at GND File: C:/Dev/ele111/Parkeringshuset_SF_EL/Parkeringshuset_Simen_Fuglestad.vhd Line: 15
    Warning (13410): Pin "HEX4[6]" is stuck at GND File: C:/Dev/ele111/Parkeringshuset_SF_EL/Parkeringshuset_Simen_Fuglestad.vhd Line: 15
    Warning (13410): Pin "HEX5[0]" is stuck at GND File: C:/Dev/ele111/Parkeringshuset_SF_EL/Parkeringshuset_Simen_Fuglestad.vhd Line: 16
    Warning (13410): Pin "HEX5[1]" is stuck at GND File: C:/Dev/ele111/Parkeringshuset_SF_EL/Parkeringshuset_Simen_Fuglestad.vhd Line: 16
    Warning (13410): Pin "HEX5[2]" is stuck at GND File: C:/Dev/ele111/Parkeringshuset_SF_EL/Parkeringshuset_Simen_Fuglestad.vhd Line: 16
    Warning (13410): Pin "HEX5[3]" is stuck at GND File: C:/Dev/ele111/Parkeringshuset_SF_EL/Parkeringshuset_Simen_Fuglestad.vhd Line: 16
    Warning (13410): Pin "HEX5[4]" is stuck at GND File: C:/Dev/ele111/Parkeringshuset_SF_EL/Parkeringshuset_Simen_Fuglestad.vhd Line: 16
    Warning (13410): Pin "HEX5[5]" is stuck at GND File: C:/Dev/ele111/Parkeringshuset_SF_EL/Parkeringshuset_Simen_Fuglestad.vhd Line: 16
    Warning (13410): Pin "HEX5[6]" is stuck at GND File: C:/Dev/ele111/Parkeringshuset_SF_EL/Parkeringshuset_Simen_Fuglestad.vhd Line: 16
    Warning (13410): Pin "HEX6[0]" is stuck at GND File: C:/Dev/ele111/Parkeringshuset_SF_EL/Parkeringshuset_Simen_Fuglestad.vhd Line: 17
    Warning (13410): Pin "HEX6[1]" is stuck at GND File: C:/Dev/ele111/Parkeringshuset_SF_EL/Parkeringshuset_Simen_Fuglestad.vhd Line: 17
    Warning (13410): Pin "HEX6[2]" is stuck at GND File: C:/Dev/ele111/Parkeringshuset_SF_EL/Parkeringshuset_Simen_Fuglestad.vhd Line: 17
    Warning (13410): Pin "HEX6[3]" is stuck at GND File: C:/Dev/ele111/Parkeringshuset_SF_EL/Parkeringshuset_Simen_Fuglestad.vhd Line: 17
    Warning (13410): Pin "HEX6[4]" is stuck at GND File: C:/Dev/ele111/Parkeringshuset_SF_EL/Parkeringshuset_Simen_Fuglestad.vhd Line: 17
    Warning (13410): Pin "HEX6[5]" is stuck at GND File: C:/Dev/ele111/Parkeringshuset_SF_EL/Parkeringshuset_Simen_Fuglestad.vhd Line: 17
    Warning (13410): Pin "HEX6[6]" is stuck at GND File: C:/Dev/ele111/Parkeringshuset_SF_EL/Parkeringshuset_Simen_Fuglestad.vhd Line: 17
    Warning (13410): Pin "HEX7[0]" is stuck at GND File: C:/Dev/ele111/Parkeringshuset_SF_EL/Parkeringshuset_Simen_Fuglestad.vhd Line: 18
    Warning (13410): Pin "HEX7[1]" is stuck at GND File: C:/Dev/ele111/Parkeringshuset_SF_EL/Parkeringshuset_Simen_Fuglestad.vhd Line: 18
    Warning (13410): Pin "HEX7[2]" is stuck at GND File: C:/Dev/ele111/Parkeringshuset_SF_EL/Parkeringshuset_Simen_Fuglestad.vhd Line: 18
    Warning (13410): Pin "HEX7[3]" is stuck at GND File: C:/Dev/ele111/Parkeringshuset_SF_EL/Parkeringshuset_Simen_Fuglestad.vhd Line: 18
    Warning (13410): Pin "HEX7[4]" is stuck at GND File: C:/Dev/ele111/Parkeringshuset_SF_EL/Parkeringshuset_Simen_Fuglestad.vhd Line: 18
    Warning (13410): Pin "HEX7[5]" is stuck at GND File: C:/Dev/ele111/Parkeringshuset_SF_EL/Parkeringshuset_Simen_Fuglestad.vhd Line: 18
    Warning (13410): Pin "HEX7[6]" is stuck at GND File: C:/Dev/ele111/Parkeringshuset_SF_EL/Parkeringshuset_Simen_Fuglestad.vhd Line: 18
Info (286030): Timing-Driven Synthesis is running
Info (17049): 4 registers lost all their fanouts during netlist optimizations.
Info (16010): Generating hard_block partition "hard_block:auto_generated_inst"
    Info (16011): Adding 0 node(s), including 0 DDIO, 0 PLL, 0 transceiver and 0 LCELL
Warning (21074): Design contains 20 input pin(s) that do not drive logic
    Warning (15610): No output dependent on input pin "KEY[0]" File: C:/Dev/ele111/Parkeringshuset_SF_EL/Parkeringshuset_Simen_Fuglestad.vhd Line: 8
    Warning (15610): No output dependent on input pin "KEY[2]" File: C:/Dev/ele111/Parkeringshuset_SF_EL/Parkeringshuset_Simen_Fuglestad.vhd Line: 8
    Warning (15610): No output dependent on input pin "SW[0]" File: C:/Dev/ele111/Parkeringshuset_SF_EL/Parkeringshuset_Simen_Fuglestad.vhd Line: 10
    Warning (15610): No output dependent on input pin "SW[1]" File: C:/Dev/ele111/Parkeringshuset_SF_EL/Parkeringshuset_Simen_Fuglestad.vhd Line: 10
    Warning (15610): No output dependent on input pin "SW[2]" File: C:/Dev/ele111/Parkeringshuset_SF_EL/Parkeringshuset_Simen_Fuglestad.vhd Line: 10
    Warning (15610): No output dependent on input pin "SW[3]" File: C:/Dev/ele111/Parkeringshuset_SF_EL/Parkeringshuset_Simen_Fuglestad.vhd Line: 10
    Warning (15610): No output dependent on input pin "SW[4]" File: C:/Dev/ele111/Parkeringshuset_SF_EL/Parkeringshuset_Simen_Fuglestad.vhd Line: 10
    Warning (15610): No output dependent on input pin "SW[5]" File: C:/Dev/ele111/Parkeringshuset_SF_EL/Parkeringshuset_Simen_Fuglestad.vhd Line: 10
    Warning (15610): No output dependent on input pin "SW[6]" File: C:/Dev/ele111/Parkeringshuset_SF_EL/Parkeringshuset_Simen_Fuglestad.vhd Line: 10
    Warning (15610): No output dependent on input pin "SW[7]" File: C:/Dev/ele111/Parkeringshuset_SF_EL/Parkeringshuset_Simen_Fuglestad.vhd Line: 10
    Warning (15610): No output dependent on input pin "SW[8]" File: C:/Dev/ele111/Parkeringshuset_SF_EL/Parkeringshuset_Simen_Fuglestad.vhd Line: 10
    Warning (15610): No output dependent on input pin "SW[9]" File: C:/Dev/ele111/Parkeringshuset_SF_EL/Parkeringshuset_Simen_Fuglestad.vhd Line: 10
    Warning (15610): No output dependent on input pin "SW[10]" File: C:/Dev/ele111/Parkeringshuset_SF_EL/Parkeringshuset_Simen_Fuglestad.vhd Line: 10
    Warning (15610): No output dependent on input pin "SW[11]" File: C:/Dev/ele111/Parkeringshuset_SF_EL/Parkeringshuset_Simen_Fuglestad.vhd Line: 10
    Warning (15610): No output dependent on input pin "SW[12]" File: C:/Dev/ele111/Parkeringshuset_SF_EL/Parkeringshuset_Simen_Fuglestad.vhd Line: 10
    Warning (15610): No output dependent on input pin "SW[13]" File: C:/Dev/ele111/Parkeringshuset_SF_EL/Parkeringshuset_Simen_Fuglestad.vhd Line: 10
    Warning (15610): No output dependent on input pin "SW[14]" File: C:/Dev/ele111/Parkeringshuset_SF_EL/Parkeringshuset_Simen_Fuglestad.vhd Line: 10
    Warning (15610): No output dependent on input pin "SW[15]" File: C:/Dev/ele111/Parkeringshuset_SF_EL/Parkeringshuset_Simen_Fuglestad.vhd Line: 10
    Warning (15610): No output dependent on input pin "SW[16]" File: C:/Dev/ele111/Parkeringshuset_SF_EL/Parkeringshuset_Simen_Fuglestad.vhd Line: 10
    Warning (15610): No output dependent on input pin "SW[17]" File: C:/Dev/ele111/Parkeringshuset_SF_EL/Parkeringshuset_Simen_Fuglestad.vhd Line: 10
Info (21057): Implemented 314 device resources after synthesis - the final resource count might be different
    Info (21058): Implemented 23 input pins
    Info (21059): Implemented 74 output pins
    Info (21061): Implemented 217 logic cells
Info: Quartus Prime Analysis & Synthesis was successful. 0 errors, 85 warnings
    Info: Peak virtual memory: 4823 megabytes
    Info: Processing ended: Mon Oct 21 09:35:10 2019
    Info: Elapsed time: 00:00:14
    Info: Total CPU time (on all processors): 00:00:29


